2019-07-15 00:08:14.522 [info] <0.1733.0> new candidate with target 103098100736225771847594301151621261479390326019752566190189089233305600
2019-07-15 00:09:27.987 [info] <0.1733.0> new candidate with target 105608429832729169506912573177516913574575828408815455355158100004831232
2019-07-15 00:10:58.334 [info] <0.1733.0> new candidate with target 106289905672116403062034800734657944942111398571152408654084746340466688
2019-07-15 00:12:23.314 [info] <0.1733.0> new candidate with target 98958063926151451724125747647320809444069922029366179528559616084410368
2019-07-15 00:13:23.749 [info] <0.1733.0> new candidate with target 98308076461973116767826197580457195535797701500553990413898008731058176
2019-07-15 00:15:02.730 [info] <0.1733.0> new candidate with target 97205140831328317351538902076526115098121913166424039571731609863323648
2019-07-15 00:16:28.307 [info] <0.1733.0> new candidate with target 97420609780082185355522842361166904802646372531613563053357930123362304
2019-07-15 00:18:41.752 [info] <0.1733.0> new candidate with target 94747573192950866842756286982499981889528177220156825511501008891543552
2019-07-15 00:22:54.935 [info] <0.1733.0> new candidate with target 96386127139021948110589193575230210145977866009493969133506833391026176
2019-07-15 00:30:46.161 [info] <0.1733.0> new candidate with target 94968729005454836934821914840635689797397856920497978645135061944369152
2019-07-15 00:31:36.287 [info] <0.1733.0> new candidate with target 97850705179256572905997139586227014848236740101229405623720536155619328
2019-07-15 00:33:39.099 [info] <0.1733.0> new candidate with target 97447780351332673109690905212309291774184647466226904724061542355566592
2019-07-15 00:43:42.451 [info] <0.1733.0> new candidate with target 98751651834481079638197828313060815396724887642381103270501166568439808
2019-07-15 00:46:04.780 [info] <0.1733.0> new candidate with target 100202644589090460556521742898486426613214624266809868925363063216930816
2019-07-15 00:46:25.238 [info] <0.1733.0> new candidate with target 99867435564709443031262269816369303627143581178149921104240591375433728
2019-07-15 00:47:44.980 [info] <0.1733.0> new candidate with target 100090065749296772923941668526892582921065725409826681925432204781944832
2019-07-15 00:49:11.994 [info] <0.1733.0> new candidate with target 98629805513020558973188337155030808706531926017002667948779928767430656
2019-07-15 00:51:07.925 [info] <0.1733.0> new candidate with target 98571778440311183963317784321777106298324214819436965388478803418808320
2019-07-15 00:51:25.789 [info] <0.1733.0> new candidate with target 95074146609415062678706530786347043900149070910993928305500627232882688
2019-07-15 00:54:29.549 [info] <0.1733.0> new candidate with target 93405052098760099826731227965588551218326902543990625441231052549914624
2019-07-15 01:00:27.720 [info] <0.1733.0> new candidate with target 94100534472939251487684278620411510753360885754015851771954522245562368
2019-07-15 01:04:26.273 [info] <0.1733.0> new candidate with target 96913425783406413944385669139842348000598573752164518533557168455548928
2019-07-15 01:09:00.999 [info] <0.1733.0> new candidate with target 99276633608448837213886949681063912501834579692952840590103906791456768
2019-07-15 01:10:24.075 [info] <0.1733.0> new candidate with target 98721427206772203725615525839115601982649364750001145675571179317886976
2019-07-15 01:15:01.303 [info] <0.1733.0> new candidate with target 98943741454484527946734830795555830265274552296391704849429029791465472
2019-07-15 01:16:38.628 [info] <0.1733.0> new candidate with target 98895297800316991640853788502821341866407860552507452258252046741798912
2019-07-15 01:19:14.619 [info] <0.1733.0> new candidate with target 99244408047198258714757386764592709349544997793760272562060087632330752
2019-07-15 01:23:11.298 [info] <0.1733.0> new candidate with target 97353841787164320099156362331615457748556193041129614916822696963604480
2019-07-15 01:24:59.573 [info] <0.1733.0> new candidate with target 98838955724274313545970402358010578185117251676468158483730990368817152
2019-07-15 01:32:33.428 [info] <0.1733.0> new candidate with target 99049685619903096476552936331405602720187360762364657255350866634866688
2019-07-15 01:35:31.314 [info] <0.16187.1> new_client_connection, ip: {95,213,187,190}, port: 38631
2019-07-15 01:35:31.334 [info] <0.16187.1> handle_conn_timeout, phase: connected
2019-07-15 01:35:31.334 [info] <0.16187.1> close_session
2019-07-15 01:35:36.595 [info] <0.16191.1> new_client_connection, ip: {95,213,187,189}, port: 45294
2019-07-15 01:35:36.611 [info] <0.16191.1> handle_conn_timeout, phase: connected
2019-07-15 01:35:36.611 [info] <0.16191.1> close_session
2019-07-15 01:35:41.912 [info] <0.16194.1> new_client_connection, ip: {95,213,187,190}, port: 21129
2019-07-15 01:35:41.927 [info] <0.16194.1> handle_conn_timeout, phase: connected
2019-07-15 01:35:41.927 [info] <0.16194.1> close_session
2019-07-15 01:35:47.145 [info] <0.16198.1> new_client_connection, ip: {95,213,187,188}, port: 39951
2019-07-15 01:35:47.161 [info] <0.16198.1> handle_conn_timeout, phase: connected
2019-07-15 01:35:47.161 [info] <0.16198.1> close_session
2019-07-15 01:37:46.033 [info] <0.1733.0> new candidate with target 97464735630291310816749270014766362713787989576586393130973486422949888
2019-07-15 01:37:58.021 [info] <0.1733.0> new candidate with target 98427500600725260617541636623850477806047328538738213106060397379584000
2019-07-15 01:39:52.684 [info] <0.1733.0> new candidate with target 97927688464466288209473317664463777934261852415967207024047437480198144
2019-07-15 01:40:12.537 [info] <0.1733.0> new candidate with target 98433398089058699819996720033400763350257186664080643856290638794326016
2019-07-15 01:40:40.014 [info] <0.1733.0> new candidate with target 97881772305298797276073025404393697625770814154372567611540557893992448
2019-07-15 01:41:45.382 [info] <0.1733.0> new candidate with target 97317930295705342098492372284175326131135449813598027669884976920264704
2019-07-15 01:42:17.465 [info] <0.1733.0> new candidate with target 97647031207169583306923366120686796232131996986724743642554698725064704
2019-07-15 01:45:58.846 [info] <0.1733.0> new candidate with target 97433773816540755003860082114627363606686234418538631692264718995554304
2019-07-15 01:47:06.599 [info] <0.1733.0> new candidate with target 94861837029411251390323528042536764308594178398666421297211936302170112
2019-07-15 01:52:52.185 [info] <0.1733.0> new candidate with target 94458596264612345922457199914535990223245129078377718750219179569184768
2019-07-15 01:58:55.132 [info] <0.1733.0> new candidate with target 94225645475441497425481405237299711226955733127351704116124643686875136
2019-07-15 02:03:06.617 [info] <0.1733.0> new candidate with target 96661624094026893710990947135650691996924095579061805608548110908260352
2019-07-15 02:04:29.499 [info] <0.1733.0> new candidate with target 96227210890894095315862035271455551463608653310534540524624078125924352
2019-07-15 02:05:20.277 [info] <0.1733.0> new candidate with target 95945605822972373398631802465429416727587927825433472201130050571993088
2019-07-15 02:05:35.590 [info] <0.1733.0> new candidate with target 94526312068155228193503961206336590311226178624720271828755701527740416
2019-07-15 02:05:56.116 [info] <0.1733.0> new candidate with target 92583405599162016656114071513600554505374883009675541275224918303178752
2019-07-15 02:06:54.634 [info] <0.1733.0> new candidate with target 89016162343472979071095494161871585951436949443172741229707642561101824
2019-07-15 02:07:46.774 [info] <0.1733.0> new candidate with target 87957352563037305116034626311539963424902778154015620465156799992954880
2019-07-15 02:08:05.685 [info] <0.1733.0> new candidate with target 85612153139870205125458689753052306567593303274540792306634548834205696
2019-07-15 02:09:18.648 [info] <0.1733.0> new candidate with target 84919198260691098836986389130893755122934973546805179154581182602018816
2019-07-15 02:10:00.668 [info] <0.1733.0> new candidate with target 83886821865464232735786698705510733874912844926593596216955172089233408
2019-07-15 02:20:37.558 [info] <0.1733.0> new candidate with target 83329403905662559546594618584981066276648933186638489771086104085135360
2019-07-15 02:20:44.586 [info] <0.1733.0> new candidate with target 86887484991976432656370477068301555502975122879841442043924254772166656
2019-07-15 02:25:25.184 [info] <0.1733.0> new candidate with target 87194786259065282527155001873082505824481658768220244350564334204616704
2019-07-15 02:27:02.548 [info] <0.1733.0> new candidate with target 87002591326770165661431301472559807285499675219114242222525216670613504
2019-07-15 02:30:19.816 [info] <0.1733.0> new candidate with target 85930301573000916386473100114684674943628685357745851171733822297341952
2019-07-15 02:31:48.361 [info] <0.1733.0> new candidate with target 84744801105687968135814636877049596887014883268821869826344043623219200
2019-07-15 02:32:05.597 [info] <0.1733.0> new candidate with target 83759815241711952768629009564124227333536257441540533988782473050324992
2019-07-15 02:45:59.102 [info] <0.1733.0> new candidate with target 80682695391448380330502542713235060971610461649031889507042760597700608
2019-07-15 02:49:02.829 [info] <0.1733.0> new candidate with target 83804994214837763801722416398000521949001063437467369557510572459687936
2019-07-15 02:52:43.738 [info] <0.1733.0> new candidate with target 85440704729033794025514479203983291103778142059228698353512530562777088
2019-07-15 02:53:25.140 [info] <0.1733.0> new candidate with target 85051259874443469549105578337609077845062867996437467740094088567848960
2019-07-15 03:00:39.224 [info] <0.1733.0> new candidate with target 84528805595475757345897207002270388830328829428155343599161451808292864
2019-07-15 03:05:08.455 [info] <0.1733.0> new candidate with target 87261133002816473554774690230523218196842562678322590290654550120464384
2019-07-15 03:06:43.086 [info] <0.1733.0> new candidate with target 88438524423670942902057413780026653630167809844900729354477746849316864
2019-07-15 03:07:02.856 [info] <0.1733.0> new candidate with target 88705175146175729698776542226121707164799252226454919704173662244438016
2019-07-15 03:07:26.462 [info] <0.3100.2> new_client_connection, ip: {120,55,13,109}, port: 52104
2019-07-15 03:07:26.469 [error] <0.3100.2> recv_msg_error, reason: parse_error
2019-07-15 03:07:26.471 [info] <0.3100.2> send_error_rsp, rsp: #{data => null,id => null,method => undefined,reason => parse_error,type => rsp}
2019-07-15 03:07:26.471 [error] <0.3100.2> recv_msg_error, reason: parse_error
2019-07-15 03:07:26.473 [info] <0.3100.2> send_error_rsp, rsp: #{data => null,id => null,method => undefined,reason => parse_error,type => rsp}
2019-07-15 03:07:26.477 [info] <0.3100.2> handle_conn_timeout, phase: connected
2019-07-15 03:07:26.477 [info] <0.3100.2> close_session
2019-07-15 03:07:34.565 [info] <0.1733.0> new candidate with target 88860089527220177320409179644844386370740346911789127446828753692393472
2019-07-15 03:08:53.898 [info] <0.1733.0> new candidate with target 88836499573886420510588846006643244193900914410419404445907788033425408
2019-07-15 03:10:40.474 [info] <0.1733.0> new candidate with target 89326938916186891329041050261566097397210008869699761657019114255810560
2019-07-15 03:14:20.384 [info] <0.1733.0> new candidate with target 87208476856982194961425731216681382980683115130622315735027394631696384
2019-07-15 03:18:40.318 [info] <0.1733.0> new candidate with target 86445489303843498143799315106113190698532720164445337423989911599448064
2019-07-15 03:23:12.251 [info] <0.1733.0> new candidate with target 88395767633253508684258059060787083434646338436168106415308496592437248
2019-07-15 03:25:07.471 [info] <0.1733.0> new candidate with target 88734557275551257153865261355845451215416223958071672906213615007170560
2019-07-15 03:27:27.897 [info] <0.1733.0> new candidate with target 87963671300537418547236501393200983650841911859739653411832058651607040
2019-07-15 03:30:47.860 [info] <0.1733.0> new candidate with target 89175605153059174651756142055784662985967756617609172584146669381091328
2019-07-15 03:33:01.129 [info] <0.1733.0> new candidate with target 90653347229752369095501327820241926492266492596269677713267161017876480
2019-07-15 03:33:20.773 [info] <0.1733.0> new candidate with target 85911661297375581764427568623784665277108240925859953979041809254318080
2019-07-15 03:37:45.050 [info] <0.1733.0> new candidate with target 85259672899655544221580758114395061630621961390235154431266369992392704
2019-07-15 03:38:01.884 [info] <0.1733.0> new candidate with target 85060632668401971138721693042072924513539249659928116610995722244849664
2019-07-15 03:45:15.534 [info] <0.1733.0> new candidate with target 85234924511113433282706747377889399079027021042816025390121606912671744
2019-07-15 03:48:10.212 [info] <0.1733.0> new candidate with target 84913300772357659634531305721343469578725115421462748404350941187276800
2019-07-15 03:49:01.752 [info] <0.1733.0> new candidate with target 84250043959429086472707817982991713195980714110630090101671290650755072
2019-07-15 03:49:35.004 [info] <0.1733.0> new candidate with target 83756550560670227495841374105266033550134371693583116966333589410021376
2019-07-15 03:49:37.339 [info] <0.1733.0> new candidate with target 83568989369208527146332382097961416510174419528674738999189661559029760
2019-07-15 03:51:38.653 [info] <0.1733.0> new candidate with target 83382375988371843811503671352905952504105337419624965974047022506835968
2019-07-15 03:52:24.906 [info] <0.1733.0> new candidate with target 83041374787949055640975812779266227644256755100717987951805563561574400
2019-07-15 03:53:17.215 [info] <0.1733.0> new candidate with target 81046128109996571181797057826771407633542968623259184489981387781177344
2019-07-15 03:55:04.556 [info] <0.1733.0> new candidate with target 80712393457698913457151355597041856033524390065934844356416476293365760
2019-07-15 03:56:24.670 [info] <0.1733.0> new candidate with target 77925619595565553182751048748476569053501788051445513774404899205808128
2019-07-15 03:58:02.893 [info] <0.1733.0> new candidate with target 77221290988886242718115372979328181202153017653406641318336067388047360
2019-07-15 03:59:32.976 [info] <0.1733.0> new candidate with target 76530337043248839016190332799695619495708746932483638599396533064433664
2019-07-15 04:04:32.488 [info] <0.1733.0> new candidate with target 75271117971767900734843326942681972136471718276779272876128736706035712
2019-07-15 04:06:34.704 [info] <0.1733.0> new candidate with target 75342940954685856736171307037562235371313204731842447370004176792715264
2019-07-15 04:10:02.671 [info] <0.16415.2> new_client_connection, ip: {178,19,108,202}, port: 55126
2019-07-15 04:10:02.686 [info] <0.16415.2> handle_conn_timeout, phase: connected
2019-07-15 04:10:02.686 [info] <0.16415.2> close_session
2019-07-15 04:10:03.322 [info] <0.16416.2> new_client_connection, ip: {178,19,108,202}, port: 55232
2019-07-15 04:10:03.322 [error] <0.16416.2> recv_msg_error, reason: parse_error
2019-07-15 04:10:03.325 [info] <0.16416.2> send_error_rsp, rsp: #{data => null,id => null,method => undefined,reason => parse_error,type => rsp}
2019-07-15 04:10:03.325 [error] <0.16416.2> recv_msg_error, reason: parse_error
2019-07-15 04:10:03.328 [info] <0.16416.2> send_error_rsp, rsp: #{data => null,id => null,method => undefined,reason => parse_error,type => rsp}
2019-07-15 04:10:03.328 [error] <0.16416.2> recv_msg_error, reason: parse_error
2019-07-15 04:10:03.330 [info] <0.16416.2> send_error_rsp, rsp: #{data => null,id => null,method => undefined,reason => parse_error,type => rsp}
2019-07-15 04:10:03.330 [error] <0.16416.2> recv_msg_error, reason: parse_error
2019-07-15 04:10:03.333 [info] <0.16416.2> send_error_rsp, rsp: #{data => null,id => null,method => undefined,reason => parse_error,type => rsp}
2019-07-15 04:10:03.333 [error] <0.16416.2> recv_msg_error, reason: parse_error
2019-07-15 04:10:03.335 [info] <0.16416.2> send_error_rsp, rsp: #{data => null,id => null,method => undefined,reason => parse_error,type => rsp}
2019-07-15 04:10:03.336 [error] <0.16416.2> recv_msg_error, reason: parse_error
2019-07-15 04:10:03.338 [info] <0.16416.2> send_error_rsp, rsp: #{data => null,id => null,method => undefined,reason => parse_error,type => rsp}
2019-07-15 04:10:03.338 [error] <0.16416.2> recv_msg_error, reason: parse_error
2019-07-15 04:10:03.345 [info] <0.16416.2> send_error_rsp, rsp: #{data => null,id => null,method => undefined,reason => parse_error,type => rsp}
2019-07-15 04:10:03.345 [info] <0.16416.2> handle_conn_timeout, phase: connected
2019-07-15 04:10:03.347 [info] <0.16416.2> close_session
2019-07-15 04:14:28.248 [info] <0.1733.0> new candidate with target 74658726995715240694194933611701428572537343297025079794184918371663872
2019-07-15 04:14:44.365 [info] <0.1733.0> new candidate with target 75621281341565853380613904384730176323932044468986098671049320706342912
2019-07-15 04:19:31.170 [info] <0.1733.0> new candidate with target 74875670316552468498792644748729789663114267193550210963368798985388032
2019-07-15 04:25:10.905 [info] <0.1733.0> new candidate with target 75959439110113590507100919171622442082108016620317261867286913255211008
2019-07-15 04:27:03.671 [info] <0.1733.0> new candidate with target 74921586475719959432192937008799869971605305455144850375875678571593728
2019-07-15 04:31:30.097 [info] <0.1733.0> new candidate with target 74021798255703806829045925380270589797872665760042558769318845579526144
2019-07-15 04:32:33.049 [info] <0.1733.0> new candidate with target 74847235997801958058384206881255198646388165517792062703330135021453312
2019-07-15 04:38:25.296 [info] <0.1733.0> new candidate with target 74550887209046638135016265551353350049842794719334917504260503930667008
2019-07-15 04:40:51.547 [info] <0.1733.0> new candidate with target 75991348734489163334670388334010594223100641834223628247996969481404416
2019-07-15 04:44:49.158 [info] <0.1733.0> new candidate with target 76038212704281671282750961856329827565482550151676872602505137866407936
2019-07-15 04:48:04.271 [info] <0.1733.0> new candidate with target 76864071695546496740836035029425171095727325489807978732961444552245248
2019-07-15 04:51:00.057 [info] <0.1733.0> new candidate with target 77527012571600064231099429013693876467174770115354435388307332155834368
2019-07-15 04:51:12.134 [info] <0.1733.0> new candidate with target 77780393945354612822294619788300787527334031714888156549985204367785984
2019-07-15 04:54:17.967 [info] <0.1733.0> new candidate with target 78299478230988931195528657746753599088233865640117463119357703176060928
2019-07-15 04:57:25.202 [info] <0.1733.0> new candidate with target 77952579542232703822545715763563588684175425195868054346886002816057344
2019-07-15 05:03:36.644 [info] <0.1733.0> new candidate with target 78645113172245135882271224713611405447104479343222065302494351804334080
2019-07-15 05:15:27.479 [info] <0.1733.0> new candidate with target 79298154692881858996985014403277845797913947829800870341382334176034816
2019-07-15 05:19:03.223 [info] <0.1733.0> new candidate with target 83237782211910914794167429900896273000531494453640012044294853534679040
2019-07-15 05:19:24.135 [info] <0.1733.0> new candidate with target 82123999415224253987650248840113774508326859924683804643669260636258304
2019-07-15 05:19:44.976 [info] <0.1733.0> new candidate with target 82543142336065111590707962590294782828956062404377990106461418326851584
2019-07-15 05:21:06.903 [info] <0.1733.0> new candidate with target 81310777898959655391968925830340471429960351998000764406563471267725312
2019-07-15 05:24:53.278 [info] <0.1733.0> new candidate with target 79977208349560715736813189845782152745506183404943611010750131359186944
2019-07-15 05:25:07.376 [info] <0.1733.0> new candidate with target 81020853159996117456989557500127326729786433800363052703280353146568704
2019-07-15 05:28:03.766 [info] <0.1733.0> new candidate with target 79821556782474588214873667000865687846538856453941599424316259734388736
2019-07-15 05:31:09.641 [info] <0.1733.0> new candidate with target 80867097214160023964410597179709167898600846961078251000849059119366144
2019-07-15 05:36:27.375 [info] <0.1077.3> new_client_connection, ip: {109,234,153,134}, port: 21934
2019-07-15 05:36:27.390 [info] <0.1077.3> handle_conn_timeout, phase: connected
2019-07-15 05:36:27.390 [info] <0.1077.3> close_session
2019-07-15 05:36:31.384 [info] <0.1733.0> new candidate with target 80176353893105957376858952836131973533021214030346049380132033417707520
2019-07-15 05:36:32.744 [info] <0.1085.3> new_client_connection, ip: {109,234,153,134}, port: 47020
2019-07-15 05:36:32.759 [info] <0.1085.3> handle_conn_timeout, phase: connected
2019-07-15 05:36:32.759 [info] <0.1085.3> close_session
2019-07-15 05:36:38.070 [info] <0.1088.3> new_client_connection, ip: {109,234,153,131}, port: 64293
2019-07-15 05:36:38.086 [info] <0.1088.3> handle_conn_timeout, phase: connected
2019-07-15 05:36:38.086 [info] <0.1088.3> close_session
2019-07-15 05:36:43.368 [info] <0.1192.3> new_client_connection, ip: {109,234,153,131}, port: 34326
2019-07-15 05:36:43.383 [info] <0.1192.3> handle_conn_timeout, phase: connected
2019-07-15 05:36:43.383 [info] <0.1192.3> close_session
2019-07-15 05:42:54.598 [info] <0.1733.0> new candidate with target 82293762829393968172607292700739851245224918818469489811011209932046336
2019-07-15 05:52:03.946 [info] <0.1733.0> new candidate with target 82927532200655345322155363391340179906920029502589994362539653394857984
2019-07-15 05:54:46.669 [info] <0.1733.0> new candidate with target 85780652806539896624175358597346179259303535427181670884641446398263296
2019-07-15 06:00:54.499 [info] <0.1733.0> new candidate with target 86315744560507835689787480096006908725915841406911860918924600475123712
2019-07-15 06:09:50.237 [info] <0.1733.0> new candidate with target 88153865299290832826412941351197692451609836402033045106757344277037056
2019-07-15 06:10:02.277 [info] <0.1733.0> new candidate with target 91943001553525520403804031987256154606443681934544802129687453248782336
2019-07-15 06:20:46.537 [info] <0.1733.0> new candidate with target 91782505621022639251276404913066240867589685809154365284135883319017472
2019-07-15 06:23:28.227 [info] <0.1733.0> new candidate with target 94317583106068147849468687675467555514370128545636383490249657170264064
2019-07-15 06:25:09.107 [info] <0.1733.0> new candidate with target 91440135360808159837321473405066628292120957854007180123448118331047936
2019-07-15 06:25:29.785 [info] <0.1733.0> new candidate with target 91129358788094247579375917305372116846347898427480159696136646636339200
2019-07-15 06:27:04.739 [info] <0.1733.0> new candidate with target 92148360522279206917864972141239311949465527370575872896633359654977536
2019-07-15 06:31:34.104 [info] <0.1733.0> new candidate with target 92942836450626802334314065742084921690879271970277615391935881669509120
2019-07-15 06:34:20.453 [info] <0.1733.0> new candidate with target 95229482239626184529085959877180457787819441176709738244600735924748288
2019-07-15 06:35:30.349 [info] <0.1733.0> new candidate with target 95448005244838440691484139784624073934881148499665877650453431203135488
2019-07-15 06:36:49.542 [info] <0.1733.0> new candidate with target 97142269393202188711080245013998963850027532794469911752312786209734656
2019-07-15 06:39:20.116 [info] <0.1733.0> new candidate with target 97430193198624024059512352901686118811987391985295013022482072422318080
2019-07-15 06:43:53.924 [info] <0.1733.0> new candidate with target 97955701534050124421134963859827634269258678511343753087641084200222720
2019-07-15 06:50:51.095 [info] <0.1733.0> new candidate with target 97969392131967036855405693203426511425460134873745824472104144627302400
2019-07-15 06:53:37.599 [info] <0.1733.0> new candidate with target 100383887043052047474828859824130023427235442725994213945831732409270272
2019-07-15 06:57:58.465 [info] <0.1733.0> new candidate with target 98548083174685758596310752765548280451052463422971841838446583448862720
2019-07-15 06:58:47.775 [info] <0.1733.0> new candidate with target 99574983330745859723802151453491750836594009498222596222287369790816256
2019-07-15 06:59:50.012 [info] <0.18636.3> new_client_connection, ip: {110,249,212,46}, port: 23989
2019-07-15 06:59:50.028 [info] <0.18636.3> handle_conn_timeout, phase: connected
2019-07-15 06:59:50.028 [info] <0.18636.3> close_session
2019-07-15 06:59:50.149 [info] <0.18637.3> new_client_connection, ip: {110,249,212,46}, port: 37927
2019-07-15 06:59:50.164 [info] <0.18637.3> handle_conn_timeout, phase: connected
2019-07-15 06:59:50.164 [info] <0.18637.3> close_session
2019-07-15 06:59:59.936 [info] <0.1733.0> new candidate with target 97998247699884221524560922743011837123915512129885574928587825835147264
2019-07-15 07:03:46.889 [info] <0.1733.0> new candidate with target 95220530694834357168216636844827345801072335093600691570144119491657728
2019-07-15 07:06:31.785 [info] <0.1733.0> new candidate with target 96931855434448411452057804794686990326254380393859614628026672876617728
2019-07-15 07:13:38.858 [info] <0.1733.0> new candidate with target 96898787374864484495434658533994317810506247333903842207092819229671424
2019-07-15 07:14:23.000 [info] <0.1733.0> new candidate with target 95891896554221409233415864271310744807105291326779192154390351973449728
2019-07-15 07:16:00.744 [info] <0.1733.0> new candidate with target 96455633251523195853809819473501432631308336772458331546934678636199936
2019-07-15 07:20:40.510 [info] <0.1733.0> new candidate with target 97574049789043273176541708927502012622535002685612163108455461217632256
2019-07-15 07:23:32.105 [info] <0.1733.0> new candidate with target 98722585641980557854669202937420122357404872596050551715794976738639872
2019-07-15 07:24:04.955 [info] <0.1733.0> new candidate with target 97607644410085542919098344778333103490444730221044938274945586419466240
2019-07-15 07:26:56.328 [info] <0.1733.0> new candidate with target 98140313981345105169416414162357108537113701613580915679669891343843328
2019-07-15 07:27:38.063 [info] <0.1733.0> new candidate with target 97909364125715959258987879927646819279038364669367511478689187370106880
2019-07-15 07:34:39.386 [info] <0.1733.0> new candidate with target 98085446277385786875146798869933916241875557268877229592706395324547072
2019-07-15 07:38:47.194 [info] <0.1733.0> new candidate with target 100511209603679333113546642719599580979908986896333477821338194381111296
2019-07-15 07:48:26.354 [info] <0.1733.0> new candidate with target 102870099624763345538393308621686114993419918138210377364323505966940160
2019-07-15 07:49:56.825 [info] <0.1733.0> new candidate with target 101263560615359505655316569109371722548395173457875000672138992004628480
2019-07-15 07:57:39.590 [info] <0.1733.0> new candidate with target 100583664460347300457994810322645946237344386721969055609881160333656064
2019-07-15 08:00:28.515 [info] <0.1733.0> new candidate with target 103257648858103635985441646963562022184353452089284398093739370364272640
2019-07-15 08:02:44.614 [info] <0.1733.0> new candidate with target 104052967284784579859384323908629101289225747849749344981931926866624512
2019-07-15 08:03:15.542 [info] <0.1733.0> new candidate with target 104843651970632107217112292460478098895076012226016667709229293685964800
2019-07-15 08:03:55.498 [info] <0.1733.0> new candidate with target 104102779998743807408692439135723477403712585229873804711555215958999040
2019-07-15 08:04:29.618 [info] <0.1733.0> new candidate with target 99837316249292235675866665260451773883500377180865364058421858435858432
2019-07-15 08:05:55.362 [info] <0.1733.0> new candidate with target 100264673528883240739486816616792108497850453478000792351891852382699520
2019-07-15 08:10:15.024 [info] <0.1733.0> new candidate with target 100787654369309295728628677542269215864746086521759919238380760697143296
2019-07-15 08:12:41.143 [info] <0.1733.0> new candidate with target 101108751546606726590870629608676727012886397667636193478595154867650560
2019-07-15 08:14:39.856 [info] <0.1733.0> new candidate with target 101532528208281000710143051752075816832537631531528003102282502241255424
2019-07-15 08:15:19.732 [info] <0.1733.0> new candidate with target 101233862549108972528667756225564927486481245040972045822765276308963328
2019-07-15 08:23:27.895 [info] <0.3877.4> new_client_connection, ip: {185,253,157,112}, port: 49758
2019-07-15 08:23:27.910 [info] <0.3877.4> handle_conn_timeout, phase: connected
2019-07-15 08:23:27.910 [info] <0.3877.4> close_session
2019-07-15 08:23:28.215 [info] <0.3878.4> new_client_connection, ip: {185,253,157,112}, port: 49962
2019-07-15 08:23:28.216 [error] <0.3878.4> recv_msg_error, reason: parse_error
2019-07-15 08:23:28.219 [info] <0.3878.4> send_error_rsp, rsp: #{data => null,id => null,method => undefined,reason => parse_error,type => rsp}
2019-07-15 08:23:28.219 [error] <0.3878.4> recv_msg_error, reason: parse_error
2019-07-15 08:23:28.221 [info] <0.3878.4> send_error_rsp, rsp: #{data => null,id => null,method => undefined,reason => parse_error,type => rsp}
2019-07-15 08:23:28.221 [error] <0.3878.4> recv_msg_error, reason: parse_error
2019-07-15 08:23:28.224 [info] <0.3878.4> send_error_rsp, rsp: #{data => null,id => null,method => undefined,reason => parse_error,type => rsp}
2019-07-15 08:23:28.224 [error] <0.3878.4> recv_msg_error, reason: parse_error
2019-07-15 08:23:28.228 [info] <0.3878.4> send_error_rsp, rsp: #{data => null,id => null,method => undefined,reason => parse_error,type => rsp}
2019-07-15 08:23:28.228 [error] <0.3878.4> recv_msg_error, reason: parse_error
2019-07-15 08:23:28.231 [info] <0.3878.4> send_error_rsp, rsp: #{data => null,id => null,method => undefined,reason => parse_error,type => rsp}
2019-07-15 08:23:28.231 [error] <0.3878.4> recv_msg_error, reason: parse_error
2019-07-15 08:23:28.235 [info] <0.3878.4> send_error_rsp, rsp: #{data => null,id => null,method => undefined,reason => parse_error,type => rsp}
2019-07-15 08:23:28.235 [info] <0.3878.4> handle_conn_timeout, phase: connected
2019-07-15 08:23:28.236 [info] <0.3878.4> close_session
2019-07-15 08:30:53.714 [info] <0.1733.0> new candidate with target 106084546703362716547973860580674787599089553135121337887138839934271488
2019-07-15 08:31:19.230 [info] <0.1733.0> new candidate with target 108061679667148209171040573632408016295444489656171246901827274226532352
2019-07-15 08:31:29.996 [info] <0.1733.0> new candidate with target 108252821476526640464897294852653878130103284254323243538753848650760192
2019-07-15 08:32:10.218 [info] <0.1733.0> new candidate with target 105739227698981517532791387367900032251515896117302937351335954238930944
2019-07-15 08:38:19.695 [info] <0.1733.0> new candidate with target 104290341190205507758201431143028094443672537394782182678699143809990656
2019-07-15 08:45:25.870 [info] <0.1733.0> new candidate with target 105901198003567758485932785294477517376422356774028981884445084522381312
2019-07-15 08:47:58.535 [info] <0.1733.0> new candidate with target 106720317008165796284069191713801105998998722826054452871781115305656320
2019-07-15 08:48:30.351 [info] <0.1733.0> new candidate with target 103202043968102637790865146244945044196089075478912908162997094168133632
2019-07-15 08:51:07.691 [info] <0.1733.0> new candidate with target 102565220540382872482902835931541889091856716837025787687242275686973440
2019-07-15 08:51:40.838 [info] <0.1733.0> new candidate with target 102624300736008933064640367945072428204387616985545495738655944145371136
2019-07-15 08:53:00.179 [info] <0.1733.0> new candidate with target 102335429119962080701527978795136120208536887738861789526485369133989888
2019-07-15 08:57:20.508 [info] <0.1733.0> new candidate with target 104524976976043053170164392508707312166879035667334606098573748667940864
2019-07-15 09:00:50.706 [info] <0.1733.0> new candidate with target 105252263662306109101500214407890740172473325196170798260896020278804480
2019-07-15 09:02:04.224 [info] <0.1733.0> new candidate with target 105543241524186332608346561918380721576970432344762515455291681509736448
2019-07-15 09:03:07.689 [info] <0.1733.0> new candidate with target 104803949236673061157727177364041355142091788775050660694286418447433728
2019-07-15 09:13:56.558 [info] <0.1733.0> new candidate with target 109472021877173527015299091859147730725059132773775400599745006837694464
2019-07-15 09:14:30.628 [info] <0.1733.0> new candidate with target 109592393826550687879694812164790166029199629867818228233908684285018112
2019-07-15 09:15:13.692 [info] <0.1733.0> new candidate with target 104251691579163147270683295226868187395011502894770181154868811681234944
2019-07-15 09:16:12.342 [info] <0.1733.0> new candidate with target 102195363772042899643219747818316838533552757261979059208517135533867008
2019-07-15 09:16:35.519 [info] <0.1733.0> new candidate with target 102146604181000357665778611771499299123389108832808604970006389551267840
2019-07-15 09:20:38.502 [info] <0.16353.4> new_client_connection, ip: {49,245,1,21}, port: 53028
2019-07-15 09:20:38.518 [info] <0.16353.4> handle_conn_timeout, phase: connected
2019-07-15 09:20:38.518 [info] <0.16353.4> close_session
2019-07-15 09:20:38.622 [info] <0.16355.4> new_client_connection, ip: {49,245,1,21}, port: 53029
2019-07-15 09:20:38.624 [info] <0.16355.4> recv_configure_req, req: #{id => 0,method => configure,params => [],type => req}
2019-07-15 09:20:38.624 [info] <0.16355.4> send_configure_rsp, rsp: #{id => 0,method => configure,result => [],type => rsp}
2019-07-15 09:20:38.640 [info] <0.16355.4> handle_conn_timeout, phase: configured
2019-07-15 09:20:38.640 [info] <0.16355.4> close_session
2019-07-15 09:21:08.407 [info] <0.1733.0> new candidate with target 103240377642269992606823188407021900233453153293638708039493663363956736
2019-07-15 09:22:57.046 [info] <0.1733.0> new candidate with target 101836775418911462422513336934053940711506919462140189484696206655356928
2019-07-15 09:23:18.282 [info] <0.1733.0> new candidate with target 98296597422181244034476124515439675458674941935155330560771288834506752
2019-07-15 09:25:44.227 [info] <0.1733.0> new candidate with target 96722599910902988322089041673679537177236735839298723543964356964253696
2019-07-15 09:29:07.847 [info] <0.1733.0> new candidate with target 97864501089465153897454566847853575674870515358726877557294850893676544
2019-07-15 09:32:08.479 [info] <0.1733.0> new candidate with target 98865073172608115728271486028876128452332337660127494663322059491246080
2019-07-15 09:34:55.222 [info] <0.1733.0> new candidate with target 99321917893866316804167054432967890787731704583975076707943260511797248
2019-07-15 09:37:37.681 [info] <0.1733.0> new candidate with target 99259257080323525278081793206496106880501962002211749986746945480163328
2019-07-15 09:43:11.519 [info] <0.1733.0> new candidate with target 100430329763677881194162641674338522087888075463065856103894883550363648
2019-07-15 09:44:09.716 [info] <0.21746.4> new_client_connection, ip: {49,245,1,21}, port: 53081
2019-07-15 09:44:09.732 [info] <0.21746.4> handle_conn_timeout, phase: connected
2019-07-15 09:44:09.732 [info] <0.21746.4> close_session
2019-07-15 09:44:09.831 [info] <0.21747.4> new_client_connection, ip: {49,245,1,21}, port: 53082
2019-07-15 09:44:09.831 [info] <0.21747.4> recv_configure_req, req: #{id => 0,method => configure,params => [],type => req}
2019-07-15 09:44:09.831 [info] <0.21747.4> send_configure_rsp, rsp: #{id => 0,method => configure,result => [],type => rsp}
2019-07-15 09:44:09.846 [info] <0.21747.4> handle_conn_timeout, phase: configured
2019-07-15 09:44:09.846 [info] <0.21747.4> close_session
2019-07-15 09:46:29.955 [info] <0.1733.0> new candidate with target 101045880108480597950411972546149575764792017295682065659176331214061568
2019-07-15 09:48:49.976 [info] <0.1733.0> new candidate with target 99686193110747856112955152890725706813122762718965576083771922183094272
2019-07-15 09:49:06.893 [info] <0.1733.0> new candidate with target 99688931230331238599809298759445482244363053991445990360664534268510208
2019-07-15 09:51:57.956 [info] <0.1733.0> new candidate with target 93753425159599687000327940801166133008437807519575641901260313263603712
2019-07-15 09:52:38.216 [info] <0.23669.4> new_client_connection, ip: {109,234,153,133}, port: 31403
2019-07-15 09:52:38.231 [info] <0.23669.4> handle_conn_timeout, phase: connected
2019-07-15 09:52:38.231 [info] <0.23669.4> close_session
2019-07-15 09:52:43.469 [info] <0.23684.4> new_client_connection, ip: {109,234,153,130}, port: 8460
2019-07-15 09:52:43.479 [error] <0.23684.4> recv_msg_error, reason: parse_error
2019-07-15 09:52:43.482 [info] <0.23684.4> send_error_rsp, rsp: #{data => null,id => null,method => undefined,reason => parse_error,type => rsp}
2019-07-15 09:52:43.482 [error] <0.23684.4> recv_msg_error, reason: parse_error
2019-07-15 09:52:43.485 [info] <0.23684.4> send_error_rsp, rsp: #{data => null,id => null,method => undefined,reason => parse_error,type => rsp}
2019-07-15 09:52:43.485 [error] <0.23684.4> recv_msg_error, reason: parse_error
2019-07-15 09:52:43.487 [info] <0.23684.4> send_error_rsp, rsp: #{data => null,id => null,method => undefined,reason => parse_error,type => rsp}
2019-07-15 09:52:43.487 [info] <0.23684.4> handle_conn_timeout, phase: connected
2019-07-15 09:52:43.487 [info] <0.23684.4> close_session
2019-07-15 09:52:48.696 [info] <0.23688.4> new_client_connection, ip: {109,234,153,130}, port: 54108
2019-07-15 09:52:48.712 [info] <0.23688.4> handle_conn_timeout, phase: connected
2019-07-15 09:52:48.712 [info] <0.23688.4> close_session
2019-07-15 09:52:54.158 [info] <0.23694.4> new_client_connection, ip: {109,234,153,134}, port: 48487
2019-07-15 09:52:54.173 [info] <0.23694.4> handle_conn_timeout, phase: connected
2019-07-15 09:52:54.173 [info] <0.23694.4> close_session
2019-07-15 09:56:20.012 [info] <0.1733.0> new candidate with target 94167091841273779629677362813907590466586427454308998810267246783365120
2019-07-15 09:56:52.133 [info] <0.24541.4> new_client_connection, ip: {49,245,1,21}, port: 53098
2019-07-15 09:56:52.149 [info] <0.24541.4> handle_conn_timeout, phase: connected
2019-07-15 09:56:52.149 [info] <0.24541.4> close_session
2019-07-15 09:56:52.221 [info] <0.24542.4> new_client_connection, ip: {49,245,1,21}, port: 53099
2019-07-15 09:56:52.222 [info] <0.24542.4> recv_configure_req, req: #{id => 0,method => configure,params => [],type => req}
2019-07-15 09:56:52.222 [info] <0.24542.4> send_configure_rsp, rsp: #{id => 0,method => configure,result => [],type => rsp}
2019-07-15 09:56:52.237 [info] <0.24542.4> handle_conn_timeout, phase: configured
2019-07-15 09:56:52.237 [info] <0.24542.4> close_session
2019-07-15 10:07:29.505 [info] <0.1733.0> new candidate with target 100426854458052818807001610379424960963621551924917637983223491288104960
2019-07-15 10:10:57.367 [info] <0.1733.0> new candidate with target 101699448190575663851059251825954434467763080257737873443620585140649984
2019-07-15 10:12:52.735 [info] <0.1733.0> new candidate with target 102095843656416113101790215282155769975011401396825540298381811660095488
2019-07-15 10:13:01.155 [info] <0.1733.0> new candidate with target 100603357858889320651907320993822792608188020104808958293685716486455296
2019-07-15 10:14:23.293 [info] <0.1733.0> new candidate with target 99587831430329423700579297452869158629336914699861463213860395730075648
2019-07-15 10:17:18.781 [info] <0.1733.0> new candidate with target 100407055747219130055902401790220430922345599646982334750307680824328192
2019-07-15 10:17:34.225 [info] <0.1733.0> new candidate with target 100800081219726185476659031869535888975759716143017184033508769392492544
2019-07-15 10:19:37.046 [info] <0.1733.0> new candidate with target 99731793333040341374795351396712736110316844295274013848945038836367360
2019-07-15 10:25:14.345 [info] <0.1733.0> new candidate with target 100359559903676610764701640759735095557369777958956687101131986573459456
2019-07-15 10:25:47.223 [info] <0.1733.0> new candidate with target 99477358836369107211733181441828988345834393744786287196154623514640384
2019-07-15 10:28:04.216 [info] <0.1733.0> new candidate with target 99253148967406748961253313960890453995427466086678518138294195443466240
2019-07-15 10:28:18.829 [info] <0.1733.0> new candidate with target 96804322249237788698966626063162065432716198433329549654297702282821632
2019-07-15 10:33:58.486 [info] <0.9417.5> new_client_connection, ip: {139,162,81,62}, port: 39022
2019-07-15 10:33:58.486 [error] <0.9417.5> recv_msg_error, reason: parse_error
2019-07-15 10:33:58.489 [info] <0.9417.5> send_error_rsp, rsp: #{data => null,id => null,method => undefined,reason => parse_error,type => rsp}
2019-07-15 10:33:58.489 [error] <0.9417.5> recv_msg_error, reason: parse_error
2019-07-15 10:33:58.491 [info] <0.9417.5> send_error_rsp, rsp: #{data => null,id => null,method => undefined,reason => parse_error,type => rsp}
2019-07-15 10:33:58.497 [error] <0.9417.5> recv_msg_error, reason: parse_error
2019-07-15 10:33:58.499 [info] <0.9417.5> send_error_rsp, rsp: #{data => null,id => null,method => undefined,reason => parse_error,type => rsp}
2019-07-15 10:33:58.500 [error] <0.9417.5> recv_msg_error, reason: parse_error
2019-07-15 10:33:58.504 [info] <0.9417.5> send_error_rsp, rsp: #{data => null,id => null,method => undefined,reason => parse_error,type => rsp}
2019-07-15 10:33:58.507 [error] <0.9417.5> recv_msg_error, reason: parse_error
2019-07-15 10:33:58.509 [info] <0.9417.5> send_error_rsp, rsp: #{data => null,id => null,method => undefined,reason => parse_error,type => rsp}
2019-07-15 10:33:58.512 [info] <0.9417.5> handle_conn_timeout, phase: connected
2019-07-15 10:33:58.512 [info] <0.9417.5> close_session
2019-07-15 10:35:21.774 [info] <0.1733.0> new candidate with target 97972551500717093571006630744257021538429701726607840945441773956628480
2019-07-15 10:39:27.330 [info] <0.1733.0> new candidate with target 99745167994082248137505986986228562255221343972389883586074336330514432
2019-07-15 10:44:05.973 [info] <0.1733.0> new candidate with target 101277988399318097989894183879164385397622862085944875900380832608550912
2019-07-15 10:47:47.946 [info] <0.1733.0> new candidate with target 102985311271848747100640830943972050446376789372578578092035722176364544
2019-07-15 10:48:37.585 [info] <0.1733.0> new candidate with target 102644310071425958930112972370332325586528207053671600069794263231102976
2019-07-15 10:50:24.361 [info] <0.1733.0> new candidate with target 96566105845483512342655935484541602914810857727533507564640450851635200
2019-07-15 10:51:54.391 [info] <0.1733.0> new candidate with target 95260338741085071784788449859291773224488877439662099134198249041166336
2019-07-15 10:59:20.411 [info] <0.1733.0> new candidate with target 94201739585232734944100977845015518038819343940695779467869915094974464
2019-07-15 11:01:51.027 [info] <0.1733.0> new candidate with target 98240781907596908725526227960767330129545927534593039531806504016412672
2019-07-15 11:04:34.261 [info] <0.1733.0> new candidate with target 98883292199066776121570225847665403437123506511631789659569055290359808
2019-07-15 11:05:35.495 [info] <0.1733.0> new candidate with target 97878507624257072003285389945535503842368928406415150589091674253688832
2019-07-15 11:16:30.821 [info] <0.1733.0> new candidate with target 102952559149139825815577778437362428941925612997909007318435631462350848
2019-07-15 11:20:16.981 [info] <0.1733.0> new candidate with target 103314201558729651194698428944428153206508698755514492966482935359209472
2019-07-15 11:23:12.400 [info] <0.1733.0> new candidate with target 103323469040396484227127845730864316204552761523909741288273314725232640
2019-07-15 11:29:27.273 [info] <0.1733.0> new candidate with target 103032807115391266391841591974457385811352611060604225741211416427233280
2019-07-15 11:33:51.892 [info] <0.1733.0> new candidate with target 106047582088987052975442891352957819277345620956635745149088576781156352
2019-07-15 11:34:50.457 [info] <0.1733.0> new candidate with target 107503524521304856081541608085684563004154345650548336612179426045591552
2019-07-15 11:37:53.779 [info] <0.1733.0> new candidate with target 106561927321496286275275523000164865668791104602572027008454631595442176
2019-07-15 11:38:42.032 [info] <0.1733.0> new candidate with target 105395593691267015432596080843568215630859341421010945601313137519230976
2019-07-15 11:39:20.407 [info] <0.28850.5> new_client_connection, ip: {49,245,1,21}, port: 53289
2019-07-15 11:39:20.422 [info] <0.28850.5> handle_conn_timeout, phase: connected
2019-07-15 11:39:20.422 [info] <0.28850.5> close_session
2019-07-15 11:39:20.497 [info] <0.28851.5> new_client_connection, ip: {49,245,1,21}, port: 53290
2019-07-15 11:39:20.497 [info] <0.28851.5> recv_configure_req, req: #{id => 0,method => configure,params => [],type => req}
2019-07-15 11:39:20.497 [info] <0.28851.5> send_configure_rsp, rsp: #{id => 0,method => configure,result => [],type => rsp}
2019-07-15 11:39:20.513 [info] <0.28851.5> handle_conn_timeout, phase: configured
2019-07-15 11:39:20.513 [info] <0.28851.5> close_session
2019-07-15 11:42:22.323 [info] <0.1733.0> new candidate with target 105005832899801685284627086223110951360847110672933513340560932591370240
2019-07-15 11:42:26.189 [info] <0.1733.0> new candidate with target 103891628853948350249363113490217718186913200563595703743490322449039360
2019-07-15 11:45:18.324 [info] <0.1733.0> new candidate with target 103797163728321654452895081019385465809123151663021411190695205502189568
2019-07-15 11:47:29.543 [info] <0.1733.0> new candidate with target 104171338300620038137232783771745546855152185936979562182981772405374976
2019-07-15 11:49:42.085 [info] <0.1733.0> new candidate with target 104945173019800596345089085439165157191831427097982797052478449468309504
2019-07-15 11:53:13.305 [info] <0.1733.0> new candidate with target 106458300026494426003564771660924133963389311828697886682980389593546752
2019-07-15 11:54:40.299 [info] <0.1733.0> new candidate with target 104526661972709750085151559197150250893796137988861014884353817643581440
2019-07-15 11:55:04.177 [info] <0.1733.0> new candidate with target 103752406004362517648548465857619905875387621247476177818412123336736768
2019-07-15 12:02:50.194 [info] <0.1733.0> new candidate with target 104209566662495724396004128015794719222083944856609961510367087290220544
2019-07-15 12:03:38.071 [info] <0.1733.0> new candidate with target 102641045390384233657325336911474131803126321305714183047345379590799360
2019-07-15 12:06:35.385 [info] <0.1733.0> new candidate with target 101850466016828374856784066277652817867708375824542260869159267082436608
2019-07-15 12:09:28.664 [info] <0.1733.0> new candidate with target 102211160615793183221224435522469389098400591526289141575205282180497408
2019-07-15 12:14:33.297 [info] <0.1733.0> new candidate with target 102243702113918767391914092193023643261987130110767911250582864272556032
2019-07-15 12:17:21.792 [info] <0.1733.0> new candidate with target 101592661526823746863747562945883192649391720631001716644808713809428480
2019-07-15 12:20:54.155 [info] <0.1733.0> new candidate with target 101984528564122448155450515926894130328050329280987159887786004956839936
2019-07-15 12:21:12.213 [info] <0.1733.0> new candidate with target 100537432364304803853034424308492814917556391775088214550040517814517760
2019-07-15 12:25:30.736 [info] <0.1733.0> new candidate with target 101763478063910146620571585986786106090612968475741407303263206214991872
2019-07-15 12:30:51.605 [info] <0.1733.0> new candidate with target 101835301046828102621899566081666369325454454930804581797138646301671424
2019-07-15 12:31:02.474 [info] <0.1733.0> new candidate with target 102018439122039723569567245531808272207257013501706136701609893091606528
2019-07-15 12:37:51.338 [info] <0.1733.0> new candidate with target 101640262682657934712135021894396211684799861214122764843095662371274752
2019-07-15 12:43:53.427 [info] <0.1733.0> new candidate with target 105702684333772528189007209812293798611501239519198946809730708329725952
2019-07-15 12:45:02.676 [info] <0.1733.0> new candidate with target 105896143013567667740971285229148701195671049809449755527104877595459584
2019-07-15 12:46:49.855 [info] <0.1733.0> new candidate with target 105408863040017253638120018515056358105331522203031414789331180702400512
2019-07-15 12:48:08.887 [info] <0.1733.0> new candidate with target 104637661128128409359931164798328839529460253419413193647615861413904384
2019-07-15 12:56:44.970 [info] <0.1733.0> new candidate with target 104837122608548656671537021542761711328272240730101833664331526405357568
2019-07-15 13:01:13.511 [info] <0.1733.0> new candidate with target 110876361286573737099915828758309475940031598870941722998321243723137024
2019-07-15 13:02:33.171 [info] <0.13442.6> new_client_connection, ip: {47,94,39,226}, port: 47946
2019-07-15 13:02:33.175 [error] <0.13442.6> recv_msg_error, reason: parse_error
2019-07-15 13:02:33.178 [info] <0.13442.6> send_error_rsp, rsp: #{data => null,id => null,method => undefined,reason => parse_error,type => rsp}
2019-07-15 13:02:33.178 [error] <0.13442.6> recv_msg_error, reason: parse_error
2019-07-15 13:02:33.180 [info] <0.13442.6> send_error_rsp, rsp: #{data => null,id => null,method => undefined,reason => parse_error,type => rsp}
2019-07-15 13:02:33.189 [info] <0.13442.6> handle_conn_timeout, phase: connected
2019-07-15 13:02:33.189 [info] <0.13442.6> close_session
2019-07-15 13:04:17.435 [info] <0.1733.0> new candidate with target 108233022765692951713798086263449348088827331976387940305838038186983424
2019-07-15 13:20:45.598 [info] <0.1733.0> new candidate with target 115496516834365009437540190550819781476293845601259213058159120618618880
2019-07-15 13:22:44.098 [info] <0.1733.0> new candidate with target 115770012855828252451394683668714273589026016164014439100086566227279872
2019-07-15 13:22:53.735 [info] <0.1733.0> new candidate with target 116953617701891166672692584381851045577858078141221210561473767303806976
2019-07-15 13:24:18.646 [info] <0.1733.0> new candidate with target 115363718034570958825114115917910673061139718885959120628867434475945984
2019-07-15 13:25:43.119 [info] <0.1733.0> new candidate with target 114266995829134604282841997577612929178970745362457802184265039955886080
2019-07-15 13:26:55.207 [info] <0.1733.0> new candidate with target 115219440194985035479337968219984044568862832605260368346449028436721664
2019-07-15 13:30:15.047 [info] <0.1733.0> new candidate with target 115072108298940723975147580899254589634048698366795000139804247379148800
2019-07-15 13:31:15.686 [info] <0.1733.0> new candidate with target 114748694251226584854798274636238037736397371528819913819142258367135744
2019-07-15 13:34:51.157 [info] <0.1733.0> new candidate with target 116673381693761135998889424510184798557457498292360349376426045792583680
2019-07-15 13:35:07.941 [info] <0.20382.6> new_client_connection, ip: {109,234,153,134}, port: 61516
2019-07-15 13:35:07.957 [info] <0.20382.6> handle_conn_timeout, phase: connected
2019-07-15 13:35:07.957 [info] <0.20382.6> close_session
2019-07-15 13:35:13.142 [info] <0.20386.6> new_client_connection, ip: {109,234,153,131}, port: 50067
2019-07-15 13:35:13.158 [info] <0.20386.6> handle_conn_timeout, phase: connected
2019-07-15 13:35:13.158 [info] <0.20386.6> close_session
2019-07-15 13:35:18.241 [info] <0.20401.6> new_client_connection, ip: {109,234,153,130}, port: 7548
2019-07-15 13:35:18.256 [info] <0.20401.6> handle_conn_timeout, phase: connected
2019-07-15 13:35:18.256 [info] <0.20401.6> close_session
2019-07-15 13:35:23.570 [info] <0.20405.6> new_client_connection, ip: {109,234,153,134}, port: 7662
2019-07-15 13:35:23.586 [info] <0.20405.6> handle_conn_timeout, phase: connected
2019-07-15 13:35:23.586 [info] <0.20405.6> close_session
2019-07-15 13:36:07.666 [info] <0.1733.0> new candidate with target 118234215168580822062939267598484478034855842501291887754326188790644736
2019-07-15 13:36:38.493 [info] <0.1733.0> new candidate with target 113839217300376924990475054549161859882891393484940771694350028765134848
2019-07-15 13:39:21.743 [info] <0.1733.0> new candidate with target 113755915277667096255797001389264076570927147464478937347347868781903872
2019-07-15 13:44:42.529 [info] <0.1733.0> new candidate with target 115279889450402787304502573167874471397013878390020283536309002937827328
2019-07-15 13:45:03.396 [info] <0.1733.0> new candidate with target 116905068735431961809624844171088873508559067502241557421185529943162880
2019-07-15 13:48:55.586 [info] <0.1733.0> new candidate with target 117813597875656604659267782995915898328174175490262094603976470746365952
2019-07-15 13:49:11.278 [info] <0.1733.0> new candidate with target 113367418233701788794068381785139016346102743457546311675930715585773568
2019-07-15 13:49:51.580 [info] <0.1733.0> new candidate with target 112618858464521684311019580444363486913180037119439208593135073157447680
2019-07-15 13:56:56.433 [info] <0.1733.0> new candidate with target 105789040412940745082099502594994408366002733497427397080959243331305472
2019-07-15 14:01:16.468 [info] <0.26445.6> new_client_connection, ip: {117,50,6,201}, port: 51730
2019-07-15 14:01:16.471 [error] <0.26445.6> recv_msg_error, reason: parse_error
2019-07-15 14:01:16.474 [info] <0.26445.6> send_error_rsp, rsp: #{data => null,id => null,method => undefined,reason => parse_error,type => rsp}
2019-07-15 14:01:16.474 [error] <0.26445.6> recv_msg_error, reason: parse_error
2019-07-15 14:01:16.476 [info] <0.26445.6> send_error_rsp, rsp: #{data => null,id => null,method => undefined,reason => parse_error,type => rsp}
2019-07-15 14:01:16.476 [error] <0.26445.6> recv_msg_error, reason: parse_error
2019-07-15 14:01:16.481 [info] <0.26445.6> send_error_rsp, rsp: #{data => null,id => null,method => undefined,reason => parse_error,type => rsp}
2019-07-15 14:01:16.481 [error] <0.26445.6> recv_msg_error, reason: parse_error
2019-07-15 14:01:16.483 [info] <0.26445.6> send_error_rsp, rsp: #{data => null,id => null,method => undefined,reason => parse_error,type => rsp}
2019-07-15 14:01:16.490 [info] <0.26445.6> handle_conn_timeout, phase: connected
2019-07-15 14:01:16.490 [info] <0.26445.6> close_session
2019-07-15 14:01:16.650 [info] <0.26446.6> new_client_connection, ip: {117,50,6,201}, port: 52144
2019-07-15 14:01:16.651 [error] <0.26446.6> recv_msg_error, reason: invalid_msg, id: undefined
2019-07-15 14:01:16.653 [info] <0.26446.6> send_error_rsp, rsp: #{data => null,id => null,method => undefined,reason => invalid_msg,type => rsp}
2019-07-15 14:01:16.653 [error] <0.26446.6> recv_msg_error, reason: parse_error
2019-07-15 14:01:16.655 [info] <0.26446.6> send_error_rsp, rsp: #{data => null,id => null,method => undefined,reason => parse_error,type => rsp}
2019-07-15 14:01:16.655 [error] <0.26446.6> recv_msg_error, reason: parse_error
2019-07-15 14:01:16.657 [info] <0.26446.6> send_error_rsp, rsp: #{data => null,id => null,method => undefined,reason => parse_error,type => rsp}
2019-07-15 14:01:16.668 [info] <0.26446.6> handle_conn_timeout, phase: connected
2019-07-15 14:01:16.668 [info] <0.26446.6> close_session
2019-07-15 14:01:16.748 [info] <0.26447.6> new_client_connection, ip: {117,50,6,201}, port: 52458
2019-07-15 14:01:16.763 [info] <0.26447.6> handle_conn_timeout, phase: connected
2019-07-15 14:01:16.763 [info] <0.26447.6> close_session
2019-07-15 14:01:16.866 [info] <0.26448.6> new_client_connection, ip: {117,50,6,201}, port: 52544
2019-07-15 14:01:16.882 [info] <0.26448.6> handle_conn_timeout, phase: connected
2019-07-15 14:01:16.882 [info] <0.26448.6> close_session
2019-07-15 14:01:16.985 [info] <0.26451.6> new_client_connection, ip: {117,50,6,201}, port: 52674
2019-07-15 14:01:16.985 [error] <0.26451.6> recv_msg_error, reason: parse_error
2019-07-15 14:01:16.987 [info] <0.26451.6> send_error_rsp, rsp: #{data => null,id => null,method => undefined,reason => parse_error,type => rsp}
2019-07-15 14:01:17.003 [info] <0.26451.6> handle_conn_timeout, phase: connected
2019-07-15 14:01:17.003 [info] <0.26451.6> close_session
2019-07-15 14:01:28.478 [info] <0.1733.0> new candidate with target 106418807917118717058553052400542757551269726167922680766260022976970752
2019-07-15 14:01:45.495 [info] <0.1733.0> new candidate with target 107485305494846195688242868266895288019363176799044041615932430246477824
2019-07-15 14:02:01.377 [info] <0.1733.0> new candidate with target 106916513807544318322887412999375784014408824388785675866047896656805888
2019-07-15 14:07:34.400 [info] <0.1733.0> new candidate with target 107659702649849326389414620520739446255283267077027350944169569225277440
2019-07-15 14:10:17.053 [info] <0.1733.0> new candidate with target 108100223965898901101372011630540239673673205261087847876546352044310528
2019-07-15 14:13:29.241 [info] <0.1733.0> new candidate with target 108945671043414078196182897556784745904329295086963456141695960571969536
2019-07-15 14:19:22.747 [info] <0.1733.0> new candidate with target 108233970576317968728478367525698501122718202032246545247839326985781248
2019-07-15 14:23:00.015 [info] <0.1733.0> new candidate with target 110048290737183871940910099306632775330708126735807205336528596506771456
2019-07-15 14:23:36.645 [info] <0.1733.0> new candidate with target 109582494471133843504145207870187901008561653728850576617450779053129728
2019-07-15 14:28:29.513 [info] <0.1733.0> new candidate with target 108956518209455939586412783113636163958858141281789712700155154602655744
2019-07-15 14:30:36.429 [info] <0.1733.0> new candidate with target 111205251573454641193973426758765578700163508253877637872768456905981952
2019-07-15 14:33:34.514 [info] <0.1733.0> new candidate with target 110522090737400710723864032513181608605710835770014275788061741594705920
2019-07-15 14:36:11.610 [info] <0.1305.7> new_client_connection, ip: {47,97,16,76}, port: 40338
2019-07-15 14:36:11.614 [error] <0.1305.7> recv_msg_error, reason: parse_error
2019-07-15 14:36:11.620 [info] <0.1305.7> send_error_rsp, rsp: #{data => null,id => null,method => undefined,reason => parse_error,type => rsp}
2019-07-15 14:36:11.621 [error] <0.1305.7> recv_msg_error, reason: parse_error
2019-07-15 14:36:11.624 [info] <0.1305.7> send_error_rsp, rsp: #{data => null,id => null,method => undefined,reason => parse_error,type => rsp}
2019-07-15 14:36:11.627 [info] <0.1305.7> handle_conn_timeout, phase: connected
2019-07-15 14:36:11.627 [info] <0.1305.7> close_session
2019-07-15 14:42:56.752 [info] <0.1733.0> new candidate with target 110486389870525069837573438301796844329154730332673489639346530173321216
2019-07-15 14:43:04.885 [info] <0.1733.0> new candidate with target 113015464554945470676123939736620189761292996048717676546118808298848256
2019-07-15 14:53:00.348 [info] <0.1733.0> new candidate with target 114026778491838625339984046556466476922851345649849149661493956616126464
2019-07-15 14:55:15.035 [info] <0.1733.0> new candidate with target 116707397563970079970192852033126624107096501408174726739361188238327808
2019-07-15 14:58:26.109 [info] <0.1733.0> new candidate with target 118463269402959933944007239308696461225149439333788082071304315166785536
2019-07-15 14:58:45.704 [info] <0.1733.0> new candidate with target 116278144663129040877212138152287983424964684999322088561888616693891072
2019-07-15 14:58:57.558 [info] <0.1733.0> new candidate with target 114580089272265224798894907873916481374254820481083634692024106492100608
2019-07-15 14:59:23.235 [info] <0.1733.0> new candidate with target 114965953508938818330956079527349449838271252110631246635659901913792512
2019-07-15 14:59:46.884 [info] <0.1733.0> new candidate with target 113386479758493797644860704948149760694352463469813811065067745872707584
2019-07-15 15:00:03.917 [info] <0.6319.7> new_client_connection, ip: {178,19,108,202}, port: 33732
2019-07-15 15:00:03.933 [info] <0.6319.7> handle_conn_timeout, phase: connected
2019-07-15 15:00:03.933 [info] <0.6319.7> close_session
2019-07-15 15:00:04.588 [info] <0.6320.7> new_client_connection, ip: {178,19,108,202}, port: 33854
2019-07-15 15:00:04.588 [error] <0.6320.7> recv_msg_error, reason: parse_error
2019-07-15 15:00:04.591 [info] <0.6320.7> send_error_rsp, rsp: #{data => null,id => null,method => undefined,reason => parse_error,type => rsp}
2019-07-15 15:00:04.591 [error] <0.6320.7> recv_msg_error, reason: parse_error
2019-07-15 15:00:04.593 [info] <0.6320.7> send_error_rsp, rsp: #{data => null,id => null,method => undefined,reason => parse_error,type => rsp}
2019-07-15 15:00:04.593 [error] <0.6320.7> recv_msg_error, reason: parse_error
2019-07-15 15:00:04.595 [info] <0.6320.7> send_error_rsp, rsp: #{data => null,id => null,method => undefined,reason => parse_error,type => rsp}
2019-07-15 15:00:04.595 [error] <0.6320.7> recv_msg_error, reason: parse_error
2019-07-15 15:00:04.598 [info] <0.6320.7> send_error_rsp, rsp: #{data => null,id => null,method => undefined,reason => parse_error,type => rsp}
2019-07-15 15:00:04.598 [error] <0.6320.7> recv_msg_error, reason: parse_error
2019-07-15 15:00:04.600 [info] <0.6320.7> send_error_rsp, rsp: #{data => null,id => null,method => undefined,reason => parse_error,type => rsp}
2019-07-15 15:00:04.601 [error] <0.6320.7> recv_msg_error, reason: parse_error
2019-07-15 15:00:04.603 [info] <0.6320.7> send_error_rsp, rsp: #{data => null,id => null,method => undefined,reason => parse_error,type => rsp}
2019-07-15 15:00:04.603 [error] <0.6320.7> recv_msg_error, reason: parse_error
2019-07-15 15:00:04.605 [info] <0.6320.7> send_error_rsp, rsp: #{data => null,id => null,method => undefined,reason => parse_error,type => rsp}
2019-07-15 15:00:04.606 [error] <0.6320.7> recv_msg_error, reason: parse_error
2019-07-15 15:00:04.608 [info] <0.6320.7> send_error_rsp, rsp: #{data => null,id => null,method => undefined,reason => parse_error,type => rsp}
2019-07-15 15:00:04.608 [info] <0.6320.7> handle_conn_timeout, phase: connected
2019-07-15 15:00:04.608 [info] <0.6320.7> close_session
2019-07-15 15:02:10.564 [info] <0.1733.0> new candidate with target 112561463265562320644269215119275886527566239292445909327501473674690560
2019-07-15 15:10:46.635 [info] <0.1733.0> new candidate with target 111685791560338267636876026719086166882834626574190343467421877896478720
2019-07-15 15:11:47.003 [info] <0.1733.0> new candidate with target 115915133193747524254664414710862371444761453605476395775395006754324480
2019-07-15 15:11:58.637 [info] <0.1733.0> new candidate with target 112680782092022795936797956244641485127383547435534731470552608012238848
2019-07-15 15:16:23.062 [info] <0.1733.0> new candidate with target 112309450951599463296501097279028863183027123329152395304269907505446912
2019-07-15 15:17:46.033 [info] <0.1733.0> new candidate with target 115104755109357976703023935487836527468067555846369170364293083782184960
2019-07-15 15:17:48.887 [info] <0.1733.0> new candidate with target 112582841660771037753168892478895671625326974996812220797086098803130368
2019-07-15 15:26:07.948 [info] <0.1733.0> new candidate with target 114473407920804976368769916911872923226315779749442878442323489471856640
2019-07-15 15:26:48.204 [info] <0.1733.0> new candidate with target 113664714833082125732116604377290017976538984311862061817001635475357696
2019-07-15 15:28:54.229 [info] <0.1733.0> new candidate with target 110457850239482890839978302516294569641996309761819940830196611898408960
2019-07-15 15:29:35.285 [info] <0.1733.0> new candidate with target 108555594315073742376653809182244430623020107653599822233609992711176192
2019-07-15 15:42:28.547 [info] <0.1733.0> new candidate with target 111115841437828036142466894353262142503124766317882571677313546886053888
2019-07-15 15:48:59.575 [info] <0.1733.0> new candidate with target 113211450729740655600568765186139500435838459821258098442163081028042752
2019-07-15 15:50:16.832 [info] <0.1733.0> new candidate with target 113379107898076998641791850686211903764090140813135772627279944104280064
2019-07-15 15:52:42.420 [info] <0.1733.0> new candidate with target 113802357998292929975130783239472575231579780201550579505411019922997248
2019-07-15 15:59:18.328 [info] <0.1733.0> new candidate with target 118058343641494331561153744492252748412883287691972970738531489458159616
2019-07-15 15:59:28.397 [info] <0.1733.0> new candidate with target 118323309367332421442885706249904863220597627752000752302447335877640192
2019-07-15 16:02:10.698 [info] <0.1733.0> new candidate with target 118606915368795845946663199498456987694832412243914431059055195340144640
2019-07-15 16:05:38.566 [info] <0.1733.0> new candidate with target 120407228994869831053264108181709333735323923899786818115947641501122560
2019-07-15 16:09:49.954 [info] <0.1733.0> new candidate with target 117087048375435228628238846522926256015606118227093706285432979312345088
2019-07-15 16:10:53.272 [info] <0.1733.0> new candidate with target 118504551821294008361192823175548460034618446211185097322916005069979648
2019-07-15 16:11:53.263 [info] <0.1733.0> new candidate with target 119336729550058947250479771430304823790802355255040236400047570414469120
2019-07-15 16:15:48.758 [info] <0.22403.7> new_client_connection, ip: {110,249,212,46}, port: 57411
2019-07-15 16:15:48.773 [info] <0.22403.7> handle_conn_timeout, phase: connected
2019-07-15 16:15:48.773 [info] <0.22403.7> close_session
2019-07-15 16:17:18.490 [info] <0.1733.0> new candidate with target 117967775070659372380593534988444791841089037909928498502852782017478656
2019-07-15 16:21:37.747 [info] <0.1733.0> new candidate with target 120379847799036006184722649494511579422921011174982675347021520646963200
2019-07-15 16:26:49.262 [info] <0.1733.0> new candidate with target 120252103989242046317258074926931287188518191424261809275070041431212032
2019-07-15 16:35:06.282 [info] <0.1733.0> new candidate with target 121771023171977646621002146640212865833853615385223929106690968660213760
2019-07-15 16:39:50.088 [info] <0.1733.0> new candidate with target 127155324708115969905306601641595884027021764927767803517790126008696832
2019-07-15 16:43:43.361 [info] <0.1733.0> new candidate with target 129591829888159708976749633130085283149151721854954907755769864784969728
2019-07-15 16:47:00.735 [info] <0.1733.0> new candidate with target 127273169162493085397221571914573911240786608539521017973283699992559616
2019-07-15 16:48:21.923 [info] <0.1733.0> new candidate with target 124741988232239313414937112119196892400001964921568820084286335647481856
2019-07-15 16:49:06.980 [info] <0.1733.0> new candidate with target 125222001657664597071906222489379062230511488766404522933383485083090944
2019-07-15 16:49:56.763 [info] <0.1733.0> new candidate with target 125995204503095143936642336648632570544596816556835354508212636280160256
2019-07-15 16:50:30.463 [info] <0.1733.0> new candidate with target 122099597521983545043499650886585917582688568082873642333804418910126080
2019-07-15 16:51:43.300 [info] <0.1733.0> new candidate with target 122394998500113847952187310954238613145343068825472182590872761202114560
2019-07-15 16:52:14.488 [info] <0.1733.0> new candidate with target 123079212459084463994163684380099419944118930260289550166692019623165952
2019-07-15 16:54:51.880 [info] <0.30871.7> new_client_connection, ip: {188,167,253,36}, port: 36454
2019-07-15 16:54:51.898 [info] <0.30871.7> handle_conn_timeout, phase: connected
2019-07-15 16:54:51.898 [info] <0.30871.7> close_session
2019-07-15 16:57:19.966 [info] <0.1733.0> new candidate with target 120836797832585875817804915816631025428752696993925657940753975978491904
2019-07-15 17:05:36.933 [info] <0.196.8> new_client_connection, ip: {49,245,1,21}, port: 53900
2019-07-15 17:05:36.948 [info] <0.196.8> handle_conn_timeout, phase: connected
2019-07-15 17:05:36.948 [info] <0.196.8> close_session
2019-07-15 17:05:37.023 [info] <0.197.8> new_client_connection, ip: {49,245,1,21}, port: 53901
2019-07-15 17:05:37.023 [info] <0.197.8> recv_configure_req, req: #{id => 0,method => configure,params => [],type => req}
2019-07-15 17:05:37.023 [info] <0.197.8> send_configure_rsp, rsp: #{id => 0,method => configure,result => [],type => rsp}
2019-07-15 17:05:37.039 [info] <0.197.8> handle_conn_timeout, phase: configured
2019-07-15 17:05:37.039 [info] <0.197.8> close_session
2019-07-15 17:10:01.843 [info] <0.1733.0> new candidate with target 129218919063361347978652305394057406148310514322141563352818349613514752
2019-07-15 17:10:36.731 [info] <0.1932.8> new_client_connection, ip: {49,245,1,21}, port: 53909
2019-07-15 17:10:36.754 [info] <0.1932.8> handle_conn_timeout, phase: connected
2019-07-15 17:10:36.754 [info] <0.1932.8> close_session
2019-07-15 17:10:36.828 [info] <0.1941.8> new_client_connection, ip: {49,245,1,21}, port: 53910
2019-07-15 17:10:36.829 [info] <0.1941.8> recv_configure_req, req: #{id => 0,method => configure,params => [],type => req}
2019-07-15 17:10:36.829 [info] <0.1941.8> send_configure_rsp, rsp: #{id => 0,method => configure,result => [],type => rsp}
2019-07-15 17:10:36.844 [info] <0.1941.8> handle_conn_timeout, phase: configured
2019-07-15 17:10:36.844 [info] <0.1941.8> close_session
2019-07-15 17:11:09.818 [info] <0.1733.0> new candidate with target 129392789656906135893890568057763146032069010124647869935499217037426688
2019-07-15 17:11:48.790 [info] <0.1733.0> new candidate with target 130032561828792620803080420075941443908406297829206205786369156225957888
2019-07-15 17:14:23.841 [info] <0.1733.0> new candidate with target 130586504482969231605111468901557550382403686031013094111566831967797248
2019-07-15 17:15:01.639 [info] <0.1733.0> new candidate with target 129162261050443664212208825495163591455722948760816067930963530307600384
2019-07-15 17:16:05.990 [info] <0.1733.0> new candidate with target 127493061227497032803046824756377415103468461498717364517582701313654784
2019-07-15 17:16:10.410 [info] <0.1733.0> new candidate with target 125374388543708999321058109875437333346076929969449117497368473067585536
2019-07-15 17:16:37.079 [info] <0.1733.0> new candidate with target 120129520481739845751941698342707494805298997533215570109570023453360128
2019-07-15 17:16:45.494 [info] <0.1733.0> new candidate with target 116970888917724810051311042938391167528758376936866900615719474304122880
2019-07-15 17:16:50.550 [info] <0.1733.0> new candidate with target 113856909765377242597840304777812716515520967860968063945040753009360896
2019-07-15 17:18:05.802 [info] <0.1733.0> new candidate with target 111750137370547756077948454634000889516981471477480078974398261903753216
2019-07-15 17:18:07.460 [info] <0.3614.8> new_client_connection, ip: {49,245,1,21}, port: 53933
2019-07-15 17:18:07.475 [info] <0.3614.8> handle_conn_timeout, phase: connected
2019-07-15 17:18:07.475 [info] <0.3614.8> close_session
2019-07-15 17:18:07.551 [info] <0.3612.8> new_client_connection, ip: {49,245,1,21}, port: 53934
2019-07-15 17:18:07.551 [info] <0.3612.8> recv_configure_req, req: #{id => 0,method => configure,params => [],type => req}
2019-07-15 17:18:07.551 [info] <0.3612.8> send_configure_rsp, rsp: #{id => 0,method => configure,result => [],type => rsp}
2019-07-15 17:18:07.567 [info] <0.3612.8> handle_conn_timeout, phase: configured
2019-07-15 17:18:07.567 [info] <0.3612.8> close_session
2019-07-15 17:19:12.396 [info] <0.1733.0> new candidate with target 110782422722405384089381285877615641914403144445844433191082398331174912
2019-07-15 17:21:06.865 [info] <0.4330.8> new_client_connection, ip: {188,167,253,36}, port: 36449
2019-07-15 17:21:06.881 [info] <0.4330.8> handle_conn_timeout, phase: connected
2019-07-15 17:21:06.881 [info] <0.4330.8> close_session
2019-07-15 17:21:07.787 [info] <0.4320.8> new_client_connection, ip: {188,167,253,36}, port: 36403
2019-07-15 17:21:07.792 [info] <0.4320.8> recv_configure_req, req: #{id => 0,method => configure,params => [],type => req}
2019-07-15 17:21:07.792 [info] <0.4320.8> send_configure_rsp, rsp: #{id => 0,method => configure,result => [],type => rsp}
2019-07-15 17:21:07.807 [info] <0.4320.8> handle_conn_timeout, phase: configured
2019-07-15 17:21:07.807 [info] <0.4320.8> close_session
2019-07-15 17:23:30.520 [info] <0.1733.0> new candidate with target 109995318654474587676001046538707889103251722502820729133567678085070848
2019-07-15 17:24:37.454 [info] <0.1733.0> new candidate with target 111343210675540451108547699375031186966501260828852357208511604286554112
2019-07-15 17:26:33.282 [info] <0.1733.0> new candidate with target 110991256996784132990603257326512360381691513420023722078699696999628800
2019-07-15 17:28:24.737 [info] <0.1733.0> new candidate with target 110816438592614328060684713400557467464042147561658810554017540776919040
2019-07-15 17:31:16.673 [info] <0.6405.8> new_client_connection, ip: {188,167,253,36}, port: 36415
2019-07-15 17:31:16.688 [info] <0.6405.8> handle_conn_timeout, phase: connected
2019-07-15 17:31:16.688 [info] <0.6405.8> close_session
2019-07-15 17:31:17.590 [info] <0.6406.8> new_client_connection, ip: {188,167,253,36}, port: 36477
2019-07-15 17:31:17.595 [info] <0.6406.8> recv_configure_req, req: #{id => 0,method => configure,params => [],type => req}
2019-07-15 17:31:17.595 [info] <0.6406.8> send_configure_rsp, rsp: #{id => 0,method => configure,result => [],type => rsp}
2019-07-15 17:31:17.611 [info] <0.6406.8> handle_conn_timeout, phase: configured
2019-07-15 17:31:17.611 [info] <0.6406.8> close_session
2019-07-15 17:37:36.842 [info] <0.7646.8> new_client_connection, ip: {109,234,153,131}, port: 32901
2019-07-15 17:37:36.857 [info] <0.7646.8> handle_conn_timeout, phase: connected
2019-07-15 17:37:36.857 [info] <0.7646.8> close_session
2019-07-15 17:37:42.177 [info] <0.7630.8> new_client_connection, ip: {109,234,153,134}, port: 50668
2019-07-15 17:37:42.192 [error] <0.7630.8> recv_msg_error, reason: parse_error
2019-07-15 17:37:42.195 [info] <0.7630.8> send_error_rsp, rsp: #{data => null,id => null,method => undefined,reason => parse_error,type => rsp}
2019-07-15 17:37:42.195 [info] <0.7630.8> handle_conn_timeout, phase: connected
2019-07-15 17:37:42.195 [info] <0.7630.8> close_session
2019-07-15 17:37:47.439 [info] <0.7636.8> new_client_connection, ip: {109,234,153,132}, port: 16059
2019-07-15 17:37:47.455 [info] <0.7636.8> handle_conn_timeout, phase: connected
2019-07-15 17:37:47.455 [info] <0.7636.8> close_session
2019-07-15 17:37:52.874 [info] <0.7713.8> new_client_connection, ip: {109,234,153,132}, port: 38757
2019-07-15 17:37:52.890 [info] <0.7713.8> handle_conn_timeout, phase: connected
2019-07-15 17:37:52.890 [info] <0.7713.8> close_session
2019-07-15 17:40:23.937 [info] <0.1733.0> new candidate with target 115091380448316069940313299898320701323163056169253300627163786288037888
2019-07-15 17:40:35.218 [info] <0.1733.0> new candidate with target 108297579200485777269243910014419438063838814669868476911036930816212992
2019-07-15 17:46:38.261 [info] <0.1733.0> new candidate with target 107388102249636117404920689927343260210332836625989334786244701214212096
2019-07-15 17:47:50.926 [info] <0.1733.0> new candidate with target 107618104294640246300668942899804396434517303514344134045224116389150720
2019-07-15 17:51:04.285 [info] <0.1733.0> new candidate with target 106009669663986372388231640862991697921710818722291547469037024829243392
2019-07-15 17:53:08.956 [info] <0.10872.8> new_client_connection, ip: {45,79,152,7}, port: 61948
2019-07-15 17:53:08.972 [info] <0.10872.8> handle_conn_timeout, phase: connected
2019-07-15 17:53:08.972 [info] <0.10872.8> close_session
2019-07-15 17:53:39.415 [info] <0.10903.8> new_client_connection, ip: {45,79,152,7}, port: 28032
2019-07-15 17:53:39.424 [info] <0.10899.8> new_client_connection, ip: {45,79,152,7}, port: 28034
2019-07-15 17:53:39.431 [info] <0.10903.8> handle_conn_timeout, phase: connected
2019-07-15 17:53:39.431 [info] <0.10903.8> close_session
2019-07-15 17:53:39.440 [info] <0.10899.8> handle_conn_timeout, phase: connected
2019-07-15 17:53:39.440 [info] <0.10899.8> close_session
2019-07-15 17:53:39.875 [info] <0.10922.8> new_client_connection, ip: {45,79,152,7}, port: 28188
2019-07-15 17:53:39.875 [error] <0.10922.8> recv_msg_error, reason: parse_error
2019-07-15 17:53:39.877 [info] <0.10922.8> send_error_rsp, rsp: #{data => null,id => null,method => undefined,reason => parse_error,type => rsp}
2019-07-15 17:53:39.878 [error] <0.10922.8> recv_msg_error, reason: parse_error
2019-07-15 17:53:39.879 [info] <0.10922.8> send_error_rsp, rsp: #{data => null,id => null,method => undefined,reason => parse_error,type => rsp}
2019-07-15 17:53:39.879 [error] <0.10922.8> recv_msg_error, reason: parse_error
2019-07-15 17:53:39.881 [info] <0.10922.8> send_error_rsp, rsp: #{data => null,id => null,method => undefined,reason => parse_error,type => rsp}
2019-07-15 17:53:39.891 [info] <0.10922.8> handle_conn_timeout, phase: connected
2019-07-15 17:53:39.891 [info] <0.10922.8> close_session
2019-07-15 17:53:40.273 [info] <0.10895.8> new_client_connection, ip: {45,79,152,7}, port: 28330
2019-07-15 17:53:40.273 [error] <0.10895.8> recv_msg_error, reason: parse_error
2019-07-15 17:53:40.276 [info] <0.10895.8> send_error_rsp, rsp: #{data => null,id => null,method => undefined,reason => parse_error,type => rsp}
2019-07-15 17:53:40.276 [error] <0.10895.8> recv_msg_error, reason: parse_error
2019-07-15 17:53:40.278 [info] <0.10895.8> send_error_rsp, rsp: #{data => null,id => null,method => undefined,reason => parse_error,type => rsp}
2019-07-15 17:53:40.278 [error] <0.10895.8> recv_msg_error, reason: parse_error
2019-07-15 17:53:40.280 [info] <0.10895.8> send_error_rsp, rsp: #{data => null,id => null,method => undefined,reason => parse_error,type => rsp}
2019-07-15 17:53:40.293 [info] <0.10895.8> handle_conn_timeout, phase: connected
2019-07-15 17:53:40.293 [info] <0.10895.8> close_session
2019-07-15 17:53:40.675 [info] <0.10894.8> new_client_connection, ip: {45,79,152,7}, port: 28480
2019-07-15 17:53:40.675 [error] <0.10894.8> recv_msg_error, reason: parse_error
2019-07-15 17:53:40.678 [info] <0.10894.8> send_error_rsp, rsp: #{data => null,id => null,method => undefined,reason => parse_error,type => rsp}
2019-07-15 17:53:40.678 [error] <0.10894.8> recv_msg_error, reason: parse_error
2019-07-15 17:53:40.680 [info] <0.10894.8> send_error_rsp, rsp: #{data => null,id => null,method => undefined,reason => parse_error,type => rsp}
2019-07-15 17:53:40.681 [error] <0.10894.8> recv_msg_error, reason: parse_error
2019-07-15 17:53:40.682 [info] <0.10894.8> send_error_rsp, rsp: #{data => null,id => null,method => undefined,reason => parse_error,type => rsp}
2019-07-15 17:53:40.693 [info] <0.10894.8> handle_conn_timeout, phase: connected
2019-07-15 17:53:40.693 [info] <0.10894.8> close_session
2019-07-15 17:53:41.086 [info] <0.10898.8> new_client_connection, ip: {45,79,152,7}, port: 28636
2019-07-15 17:53:41.086 [error] <0.10898.8> recv_msg_error, reason: parse_error
2019-07-15 17:53:41.088 [info] <0.10898.8> send_error_rsp, rsp: #{data => null,id => null,method => undefined,reason => parse_error,type => rsp}
2019-07-15 17:53:41.088 [error] <0.10898.8> recv_msg_error, reason: parse_error
2019-07-15 17:53:41.090 [info] <0.10898.8> send_error_rsp, rsp: #{data => null,id => null,method => undefined,reason => parse_error,type => rsp}
2019-07-15 17:53:41.090 [error] <0.10898.8> recv_msg_error, reason: parse_error
2019-07-15 17:53:41.093 [info] <0.10898.8> send_error_rsp, rsp: #{data => null,id => null,method => undefined,reason => parse_error,type => rsp}
2019-07-15 17:53:41.101 [info] <0.10898.8> handle_conn_timeout, phase: connected
2019-07-15 17:53:41.101 [info] <0.10898.8> close_session
2019-07-15 17:53:41.488 [info] <0.10904.8> new_client_connection, ip: {45,79,152,7}, port: 28762
2019-07-15 17:53:41.488 [error] <0.10904.8> recv_msg_error, reason: parse_error
2019-07-15 17:53:41.490 [info] <0.10904.8> send_error_rsp, rsp: #{data => null,id => null,method => undefined,reason => parse_error,type => rsp}
2019-07-15 17:53:41.491 [error] <0.10904.8> recv_msg_error, reason: parse_error
2019-07-15 17:53:41.494 [info] <0.10904.8> send_error_rsp, rsp: #{data => null,id => null,method => undefined,reason => parse_error,type => rsp}
2019-07-15 17:53:41.494 [error] <0.10904.8> recv_msg_error, reason: parse_error
2019-07-15 17:53:41.497 [info] <0.10904.8> send_error_rsp, rsp: #{data => null,id => null,method => undefined,reason => parse_error,type => rsp}
2019-07-15 17:53:41.506 [info] <0.10904.8> handle_conn_timeout, phase: connected
2019-07-15 17:53:41.506 [info] <0.10904.8> close_session
2019-07-15 17:53:41.895 [info] <0.10901.8> new_client_connection, ip: {45,79,152,7}, port: 29040
2019-07-15 17:53:41.895 [error] <0.10901.8> recv_msg_error, reason: parse_error
2019-07-15 17:53:41.897 [info] <0.10901.8> send_error_rsp, rsp: #{data => null,id => null,method => undefined,reason => parse_error,type => rsp}
2019-07-15 17:53:41.897 [error] <0.10901.8> recv_msg_error, reason: parse_error
2019-07-15 17:53:41.899 [info] <0.10901.8> send_error_rsp, rsp: #{data => null,id => null,method => undefined,reason => parse_error,type => rsp}
2019-07-15 17:53:41.899 [error] <0.10901.8> recv_msg_error, reason: parse_error
2019-07-15 17:53:41.901 [info] <0.10901.8> send_error_rsp, rsp: #{data => null,id => null,method => undefined,reason => parse_error,type => rsp}
2019-07-15 17:53:41.914 [info] <0.10901.8> handle_conn_timeout, phase: connected
2019-07-15 17:53:41.914 [info] <0.10901.8> close_session
2019-07-15 17:53:42.283 [info] <0.10919.8> new_client_connection, ip: {45,79,152,7}, port: 29476
2019-07-15 17:53:42.283 [error] <0.10919.8> recv_msg_error, reason: parse_error
2019-07-15 17:53:42.286 [info] <0.10919.8> send_error_rsp, rsp: #{data => null,id => null,method => undefined,reason => parse_error,type => rsp}
2019-07-15 17:53:42.286 [error] <0.10919.8> recv_msg_error, reason: parse_error
2019-07-15 17:53:42.288 [info] <0.10919.8> send_error_rsp, rsp: #{data => null,id => null,method => undefined,reason => parse_error,type => rsp}
2019-07-15 17:53:42.289 [error] <0.10919.8> recv_msg_error, reason: parse_error
2019-07-15 17:53:42.291 [info] <0.10919.8> send_error_rsp, rsp: #{data => null,id => null,method => undefined,reason => parse_error,type => rsp}
2019-07-15 17:53:42.298 [info] <0.10919.8> handle_conn_timeout, phase: connected
2019-07-15 17:53:42.298 [info] <0.10919.8> close_session
2019-07-15 17:53:42.683 [info] <0.10917.8> new_client_connection, ip: {45,79,152,7}, port: 29882
2019-07-15 17:53:42.683 [error] <0.10917.8> recv_msg_error, reason: parse_error
2019-07-15 17:53:42.685 [info] <0.10917.8> send_error_rsp, rsp: #{data => null,id => null,method => undefined,reason => parse_error,type => rsp}
2019-07-15 17:53:42.686 [error] <0.10917.8> recv_msg_error, reason: parse_error
2019-07-15 17:53:42.687 [info] <0.10917.8> send_error_rsp, rsp: #{data => null,id => null,method => undefined,reason => parse_error,type => rsp}
2019-07-15 17:53:42.688 [error] <0.10917.8> recv_msg_error, reason: parse_error
2019-07-15 17:53:42.689 [info] <0.10917.8> send_error_rsp, rsp: #{data => null,id => null,method => undefined,reason => parse_error,type => rsp}
2019-07-15 17:53:42.698 [info] <0.10917.8> handle_conn_timeout, phase: connected
2019-07-15 17:53:42.698 [info] <0.10917.8> close_session
2019-07-15 17:53:43.084 [info] <0.10907.8> new_client_connection, ip: {45,79,152,7}, port: 30312
2019-07-15 17:53:43.084 [error] <0.10907.8> recv_msg_error, reason: parse_error
2019-07-15 17:53:43.087 [info] <0.10907.8> send_error_rsp, rsp: #{data => null,id => null,method => undefined,reason => parse_error,type => rsp}
2019-07-15 17:53:43.088 [error] <0.10907.8> recv_msg_error, reason: parse_error
2019-07-15 17:53:43.089 [info] <0.10907.8> send_error_rsp, rsp: #{data => null,id => null,method => undefined,reason => parse_error,type => rsp}
2019-07-15 17:53:43.090 [error] <0.10907.8> recv_msg_error, reason: parse_error
2019-07-15 17:53:43.091 [info] <0.10907.8> send_error_rsp, rsp: #{data => null,id => null,method => undefined,reason => parse_error,type => rsp}
2019-07-15 17:53:43.103 [info] <0.10907.8> handle_conn_timeout, phase: connected
2019-07-15 17:53:43.103 [info] <0.10907.8> close_session
2019-07-15 17:53:43.492 [info] <0.10900.8> new_client_connection, ip: {45,79,152,7}, port: 30778
2019-07-15 17:53:43.492 [error] <0.10900.8> recv_msg_error, reason: parse_error
2019-07-15 17:53:43.494 [info] <0.10900.8> send_error_rsp, rsp: #{data => null,id => null,method => undefined,reason => parse_error,type => rsp}
2019-07-15 17:53:43.494 [error] <0.10900.8> recv_msg_error, reason: parse_error
2019-07-15 17:53:43.496 [info] <0.10900.8> send_error_rsp, rsp: #{data => null,id => null,method => undefined,reason => parse_error,type => rsp}
2019-07-15 17:53:43.496 [error] <0.10900.8> recv_msg_error, reason: parse_error
2019-07-15 17:53:43.499 [info] <0.10900.8> send_error_rsp, rsp: #{data => null,id => null,method => undefined,reason => parse_error,type => rsp}
2019-07-15 17:53:43.507 [info] <0.10900.8> handle_conn_timeout, phase: connected
2019-07-15 17:53:43.507 [info] <0.10900.8> close_session
2019-07-15 17:53:43.894 [info] <0.10912.8> new_client_connection, ip: {45,79,152,7}, port: 31286
2019-07-15 17:53:43.894 [error] <0.10912.8> recv_msg_error, reason: parse_error
2019-07-15 17:53:43.899 [info] <0.10912.8> send_error_rsp, rsp: #{data => null,id => null,method => undefined,reason => parse_error,type => rsp}
2019-07-15 17:53:43.899 [error] <0.10912.8> recv_msg_error, reason: parse_error
2019-07-15 17:53:43.901 [info] <0.10912.8> send_error_rsp, rsp: #{data => null,id => null,method => undefined,reason => parse_error,type => rsp}
2019-07-15 17:53:43.901 [error] <0.10912.8> recv_msg_error, reason: parse_error
2019-07-15 17:53:43.906 [info] <0.10912.8> send_error_rsp, rsp: #{data => null,id => null,method => undefined,reason => parse_error,type => rsp}
2019-07-15 17:53:43.910 [info] <0.10912.8> handle_conn_timeout, phase: connected
2019-07-15 17:53:43.910 [info] <0.10912.8> close_session
2019-07-15 17:53:44.285 [info] <0.10910.8> new_client_connection, ip: {45,79,152,7}, port: 31732
2019-07-15 17:53:44.286 [error] <0.10910.8> recv_msg_error, reason: parse_error
2019-07-15 17:53:44.291 [info] <0.10910.8> send_error_rsp, rsp: #{data => null,id => null,method => undefined,reason => parse_error,type => rsp}
2019-07-15 17:53:44.291 [error] <0.10910.8> recv_msg_error, reason: parse_error
2019-07-15 17:53:44.293 [info] <0.10910.8> send_error_rsp, rsp: #{data => null,id => null,method => undefined,reason => parse_error,type => rsp}
2019-07-15 17:53:44.293 [error] <0.10910.8> recv_msg_error, reason: parse_error
2019-07-15 17:53:44.295 [info] <0.10910.8> send_error_rsp, rsp: #{data => null,id => null,method => undefined,reason => parse_error,type => rsp}
2019-07-15 17:53:44.306 [info] <0.10910.8> handle_conn_timeout, phase: connected
2019-07-15 17:53:44.306 [info] <0.10910.8> close_session
2019-07-15 17:53:44.686 [info] <0.10911.8> new_client_connection, ip: {45,79,152,7}, port: 32216
2019-07-15 17:53:44.701 [info] <0.10911.8> handle_conn_timeout, phase: connected
2019-07-15 17:53:44.701 [info] <0.10911.8> close_session
2019-07-15 17:56:17.918 [info] <0.1733.0> new candidate with target 108865949638620980405852573609828207387063891499745240464476447161974784
2019-07-15 17:58:19.772 [info] <0.1733.0> new candidate with target 107635691447348895350847495210427569396714558995276025746803586322399232
2019-07-15 17:59:51.923 [info] <0.1733.0> new candidate with target 107140723676506676573367280480314318364815752046893444923908324727980032
2019-07-15 18:05:30.080 [info] <0.1733.0> new candidate with target 106795825921292151786931598939650297698971370609456646584550456276549632
2019-07-15 18:08:47.396 [info] <0.1733.0> new candidate with target 109100164175291851589068743303396690428541114191916061687906034776014848
2019-07-15 18:11:01.240 [info] <0.1733.0> new candidate with target 111075401517827310182774893830631613057114310601248760818591891470680064
2019-07-15 18:12:42.438 [info] <0.1733.0> new candidate with target 111000840415325971694592767867031574391032532873705172047823839298584576
2019-07-15 18:13:26.491 [info] <0.1733.0> new candidate with target 111567736481377815030587660610052772328205145172246327913705795290660864
2019-07-15 18:17:19.036 [info] <0.1733.0> new candidate with target 111197458463871167962157780824716987088171910016817997238535637893644288
2019-07-15 18:17:27.476 [info] <0.1733.0> new candidate with target 111249588048247103769573250248420403952169763089041269048606521827524608
2019-07-15 18:19:45.938 [info] <0.1733.0> new candidate with target 111504127857210006489822118121331835387084532534624396250508191460229120
2019-07-15 18:22:26.795 [info] <0.1733.0> new candidate with target 110950711764491738473724558885854147265248738808294510670866787273277440
2019-07-15 18:25:51.540 [info] <0.1733.0> new candidate with target 107412324076719885557861211073710504409766182497931461081833192739045376
