2019-07-15 03:07:26 =ERROR REPORT====
Decode error, reason: badarg, message: <<"GET / HTTP/1.0\r\n">>2019-07-15 03:07:26 =ERROR REPORT====
Decode error, reason: badarg, message: <<"\r\n">>2019-07-15 04:10:03 =ERROR REPORT====
Decode error, reason: badarg, message: <<"POST / HTTP/1.1\n">>2019-07-15 04:10:03 =ERROR REPORT====
Decode error, reason: badarg, message: <<"Host: 127.0.0.1:80\n">>2019-07-15 04:10:03 =ERROR REPORT====
Decode error, reason: badarg, message: <<"User-Agent: Go-http-client/1.3\n">>2019-07-15 04:10:03 =ERROR REPORT====
Decode error, reason: badarg, message: <<"Content-Length: 79\n">>2019-07-15 04:10:03 =ERROR REPORT====
Decode error, reason: badarg, message: <<"Accept: application/json\n">>2019-07-15 04:10:03 =ERROR REPORT====
Decode error, reason: badarg, message: <<"Content-Type: application/json\n">>2019-07-15 04:10:03 =ERROR REPORT====
Decode error, reason: badarg, message: <<"Accept-Encoding: identity\n">>2019-07-15 08:23:28 =ERROR REPORT====
Decode error, reason: badarg, message: <<"POST / HTTP/1.1\n">>2019-07-15 08:23:28 =ERROR REPORT====
Decode error, reason: badarg, message: <<"Host: 127.0.0.1:80\n">>2019-07-15 08:23:28 =ERROR REPORT====
Decode error, reason: badarg, message: <<"User-Agent: Go-http-client/1.3\n">>2019-07-15 08:23:28 =ERROR REPORT====
Decode error, reason: badarg, message: <<"Content-Length: 79\n">>2019-07-15 08:23:28 =ERROR REPORT====
Decode error, reason: badarg, message: <<"Accept: application/json\n">>2019-07-15 08:23:28 =ERROR REPORT====
Decode error, reason: badarg, message: <<"Content-Type: application/json\n">>2019-07-15 09:52:43 =ERROR REPORT====
Decode error, reason: badarg, message: <<"CONNECT check.best-proxies.ru:80 HTTP/1.1\r\n">>2019-07-15 09:52:43 =ERROR REPORT====
Decode error, reason: badarg, message: <<"Host: check.best-proxies.ru:80\r\n">>2019-07-15 09:52:43 =ERROR REPORT====
Decode error, reason: badarg, message: <<"\r\n">>2019-07-15 10:33:58 =ERROR REPORT====
Decode error, reason: badarg, message: <<"GET http://clientapi.ipip.net/echo.php?info=1234567890 HTTP/1.1\r\n">>2019-07-15 10:33:58 =ERROR REPORT====
Decode error, reason: badarg, message: <<"Host: clientapi.ipip.net\r\n">>2019-07-15 10:33:58 =ERROR REPORT====
Decode error, reason: badarg, message: <<"User-Agent: Go-http-client/1.1\r\n">>2019-07-15 10:33:58 =ERROR REPORT====
Decode error, reason: badarg, message: <<"Connection: close\r\n">>2019-07-15 10:33:58 =ERROR REPORT====
Decode error, reason: badarg, message: <<"\r\n">>2019-07-15 13:02:33 =ERROR REPORT====
Decode error, reason: badarg, message: <<"GET / HTTP/1.0\r\n">>2019-07-15 13:02:33 =ERROR REPORT====
Decode error, reason: badarg, message: <<"\r\n">>2019-07-15 14:01:16 =ERROR REPORT====
Decode error, reason: badarg, message: <<"GET / HTTP/1.0\r\n">>2019-07-15 14:01:16 =ERROR REPORT====
Decode error, reason: badarg, message: <<"Host: 47.244.15.72:8888\r\n">>2019-07-15 14:01:16 =ERROR REPORT====
Decode error, reason: badarg, message: <<"Accept: */*\r\n">>2019-07-15 14:01:16 =ERROR REPORT====
Decode error, reason: badarg, message: <<"\r\n">>2019-07-15 14:01:16 =ERROR REPORT====
Decode error, reason: badarg, message: <<"info\n">>2019-07-15 14:01:16 =ERROR REPORT====
Decode error, reason: badarg, message: <<"\n">>2019-07-15 14:01:16 =ERROR REPORT====
Decode error, reason: badarg, message: <<"USER anonymous\r\n">>2019-07-15 14:36:11 =ERROR REPORT====
Decode error, reason: badarg, message: <<"GET / HTTP/1.0\r\n">>2019-07-15 14:36:11 =ERROR REPORT====
Decode error, reason: badarg, message: <<"\r\n">>2019-07-15 15:00:04 =ERROR REPORT====
Decode error, reason: badarg, message: <<"POST / HTTP/1.1\n">>2019-07-15 15:00:04 =ERROR REPORT====
Decode error, reason: badarg, message: <<"Host: 127.0.0.1:80\n">>2019-07-15 15:00:04 =ERROR REPORT====
Decode error, reason: badarg, message: <<"User-Agent: Go-http-client/1.3\n">>2019-07-15 15:00:04 =ERROR REPORT====
Decode error, reason: badarg, message: <<"Content-Length: 79\n">>2019-07-15 15:00:04 =ERROR REPORT====
Decode error, reason: badarg, message: <<"Accept: application/json\n">>2019-07-15 15:00:04 =ERROR REPORT====
Decode error, reason: badarg, message: <<"Content-Type: application/json\n">>2019-07-15 15:00:04 =ERROR REPORT====
Decode error, reason: badarg, message: <<"Accept-Encoding: identity\n">>2019-07-15 15:00:04 =ERROR REPORT====
Decode error, reason: badarg, message: <<"\n">>2019-07-15 17:37:42 =ERROR REPORT====
Decode error, reason: badarg, message: <<"CONNECT check.best-proxies.ru:80 HTTP/1.1\r\n">>2019-07-15 17:53:39 =ERROR REPORT====
Decode error, reason: badarg, message: <<22,3,1,0,245,1,0,0,241,3,3,160,4,11,229,91,238,44,67,225,141,52,91,142,110,123,146,121,83,144,4,138,50,32,80,14,127,135,5,55,67,177,208,0,0,130,0,51,0,57,0,53,0,47,192,44,192,48,0,163,0,159,204,169,204,168,204,170,192,175,192,173,192,163,192,159,192,43,192,47,0,162,0,158,192,174,192,172,192,162,192,158,192,36,192,40,0,107,0,106,192,115,192,119,0,196,0,195,192,35,192,39,0,103,0,64,192,114,192,118,0,190,0,189,192,10>>2019-07-15 17:53:39 =ERROR REPORT====
Decode error, reason: badarg, message: <<192,20,0,56,0,136,0,135,192,9,192,19,0,50,0,154,0,153,0,69,0,68,0,157,192,161,192,157,0,156,192,160,192,156,0,61,0,192,0,60,0,186,0,132,0,150,0,65,0,255,1,0,0,70,0,11,0,4,3,0,1,2,0,10>>2019-07-15 17:53:39 =ERROR REPORT====
Decode error, reason: badarg, message: <<0,10>>2019-07-15 17:53:40 =ERROR REPORT====
Decode error, reason: badarg, message: <<22,3,1,0,245,1,0,0,241,3,3,196,93,143,48,88,179,88,48,248,36,129,155,183,239,76,74,166,29,50,140,141,96,139,109,76,9,248,138,223,228,49,75,0,0,130,0,51,0,57,0,53,0,47,192,44,192,48,0,163,0,159,204,169,204,168,204,170,192,175,192,173,192,163,192,159,192,43,192,47,0,162,0,158,192,174,192,172,192,162,192,158,192,36,192,40,0,107,0,106,192,115,192,119,0,196,0,195,192,35,192,39,0,103,0,64,192,114,192,118,0,190,0,189,192,10>>2019-07-15 17:53:40 =ERROR REPORT====
Decode error, reason: badarg, message: <<192,20,0,56,0,136,0,135,192,9,192,19,0,50,0,154,0,153,0,69,0,68,0,157,192,161,192,157,0,156,192,160,192,156,0,61,0,192,0,60,0,186,0,132,0,150,0,65,0,255,1,0,0,70,0,11,0,4,3,0,1,2,0,10>>2019-07-15 17:53:40 =ERROR REPORT====
Decode error, reason: badarg, message: <<0,10>>2019-07-15 17:53:40 =ERROR REPORT====
Decode error, reason: badarg, message: <<22,3,1,0,245,1,0,0,241,3,3,71,62,20,235,34,111,43,168,16,165,83,27,73,89,125,39,5,104,162,209,155,115,187,214,145,193,42,136,109,95,69,198,0,0,130,0,51,0,57,0,53,0,47,192,44,192,48,0,163,0,159,204,169,204,168,204,170,192,175,192,173,192,163,192,159,192,43,192,47,0,162,0,158,192,174,192,172,192,162,192,158,192,36,192,40,0,107,0,106,192,115,192,119,0,196,0,195,192,35,192,39,0,103,0,64,192,114,192,118,0,190,0,189,192,10>>2019-07-15 17:53:40 =ERROR REPORT====
Decode error, reason: badarg, message: <<192,20,0,56,0,136,0,135,192,9,192,19,0,50,0,154,0,153,0,69,0,68,0,157,192,161,192,157,0,156,192,160,192,156,0,61,0,192,0,60,0,186,0,132,0,150,0,65,0,255,1,0,0,70,0,11,0,4,3,0,1,2,0,10>>2019-07-15 17:53:40 =ERROR REPORT====
Decode error, reason: badarg, message: <<0,10>>2019-07-15 17:53:41 =ERROR REPORT====
Decode error, reason: badarg, message: <<22,3,1,0,245,1,0,0,241,3,3,210,150,73,237,81,4,131,117,252,36,177,236,247,229,66,43,130,79,92,120,8,221,245,166,27,70,138,206,203,12,83,134,0,0,130,0,51,0,57,0,53,0,47,192,44,192,48,0,163,0,159,204,169,204,168,204,170,192,175,192,173,192,163,192,159,192,43,192,47,0,162,0,158,192,174,192,172,192,162,192,158,192,36,192,40,0,107,0,106,192,115,192,119,0,196,0,195,192,35,192,39,0,103,0,64,192,114,192,118,0,190,0,189,192,10>>2019-07-15 17:53:41 =ERROR REPORT====
Decode error, reason: badarg, message: <<192,20,0,56,0,136,0,135,192,9,192,19,0,50,0,154,0,153,0,69,0,68,0,157,192,161,192,157,0,156,192,160,192,156,0,61,0,192,0,60,0,186,0,132,0,150,0,65,0,255,1,0,0,70,0,11,0,4,3,0,1,2,0,10>>2019-07-15 17:53:41 =ERROR REPORT====
Decode error, reason: badarg, message: <<0,10>>2019-07-15 17:53:41 =ERROR REPORT====
Decode error, reason: badarg, message: <<22,3,1,0,245,1,0,0,241,3,3,20,20,117,53,20,248,253,63,230,158,65,244,42,224,69,199,48,232,235,255,84,79,35,198,148,195,153,116,1,93,78,150,0,0,130,0,51,0,57,0,53,0,47,192,44,192,48,0,163,0,159,204,169,204,168,204,170,192,175,192,173,192,163,192,159,192,43,192,47,0,162,0,158,192,174,192,172,192,162,192,158,192,36,192,40,0,107,0,106,192,115,192,119,0,196,0,195,192,35,192,39,0,103,0,64,192,114,192,118,0,190,0,189,192,10>>2019-07-15 17:53:41 =ERROR REPORT====
Decode error, reason: badarg, message: <<192,20,0,56,0,136,0,135,192,9,192,19,0,50,0,154,0,153,0,69,0,68,0,157,192,161,192,157,0,156,192,160,192,156,0,61,0,192,0,60,0,186,0,132,0,150,0,65,0,255,1,0,0,70,0,11,0,4,3,0,1,2,0,10>>2019-07-15 17:53:41 =ERROR REPORT====
Decode error, reason: badarg, message: <<0,10>>2019-07-15 17:53:41 =ERROR REPORT====
Decode error, reason: badarg, message: <<22,3,1,0,245,1,0,0,241,3,3,42,40,166,26,238,111,84,249,206,67,51,233,173,175,117,195,157,76,134,30,176,146,178,182,68,115,52,124,41,107,74,236,0,0,130,0,51,0,57,0,53,0,47,192,44,192,48,0,163,0,159,204,169,204,168,204,170,192,175,192,173,192,163,192,159,192,43,192,47,0,162,0,158,192,174,192,172,192,162,192,158,192,36,192,40,0,107,0,106,192,115,192,119,0,196,0,195,192,35,192,39,0,103,0,64,192,114,192,118,0,190,0,189,192,10>>2019-07-15 17:53:41 =ERROR REPORT====
Decode error, reason: badarg, message: <<192,20,0,56,0,136,0,135,192,9,192,19,0,50,0,154,0,153,0,69,0,68,0,157,192,161,192,157,0,156,192,160,192,156,0,61,0,192,0,60,0,186,0,132,0,150,0,65,0,255,1,0,0,70,0,11,0,4,3,0,1,2,0,10>>2019-07-15 17:53:41 =ERROR REPORT====
Decode error, reason: badarg, message: <<0,10>>2019-07-15 17:53:42 =ERROR REPORT====
Decode error, reason: badarg, message: <<22,3,1,0,245,1,0,0,241,3,3,221,249,126,191,218,37,255,80,147,223,186,215,186,166,100,104,133,202,27,156,155,134,5,254,103,157,2,132,155,23,148,148,0,0,130,0,51,0,57,0,53,0,47,192,44,192,48,0,163,0,159,204,169,204,168,204,170,192,175,192,173,192,163,192,159,192,43,192,47,0,162,0,158,192,174,192,172,192,162,192,158,192,36,192,40,0,107,0,106,192,115,192,119,0,196,0,195,192,35,192,39,0,103,0,64,192,114,192,118,0,190,0,189,192,10>>2019-07-15 17:53:42 =ERROR REPORT====
Decode error, reason: badarg, message: <<192,20,0,56,0,136,0,135,192,9,192,19,0,50,0,154,0,153,0,69,0,68,0,157,192,161,192,157,0,156,192,160,192,156,0,61,0,192,0,60,0,186,0,132,0,150,0,65,0,255,1,0,0,70,0,11,0,4,3,0,1,2,0,10>>2019-07-15 17:53:42 =ERROR REPORT====
Decode error, reason: badarg, message: <<0,10>>2019-07-15 17:53:42 =ERROR REPORT====
Decode error, reason: badarg, message: <<22,3,1,0,245,1,0,0,241,3,3,249,171,75,21,89,152,234,161,21,131,183,181,106,44,231,35,47,255,9,15,104,5,130,236,165,131,241,92,62,14,72,56,0,0,130,0,51,0,57,0,53,0,47,192,44,192,48,0,163,0,159,204,169,204,168,204,170,192,175,192,173,192,163,192,159,192,43,192,47,0,162,0,158,192,174,192,172,192,162,192,158,192,36,192,40,0,107,0,106,192,115,192,119,0,196,0,195,192,35,192,39,0,103,0,64,192,114,192,118,0,190,0,189,192,10>>2019-07-15 17:53:42 =ERROR REPORT====
Decode error, reason: badarg, message: <<192,20,0,56,0,136,0,135,192,9,192,19,0,50,0,154,0,153,0,69,0,68,0,157,192,161,192,157,0,156,192,160,192,156,0,61,0,192,0,60,0,186,0,132,0,150,0,65,0,255,1,0,0,70,0,11,0,4,3,0,1,2,0,10>>2019-07-15 17:53:42 =ERROR REPORT====
Decode error, reason: badarg, message: <<0,10>>2019-07-15 17:53:43 =ERROR REPORT====
Decode error, reason: badarg, message: <<22,3,1,0,245,1,0,0,241,3,3,67,208,29,89,249,21,62,63,197,13,216,102,230,53,3,133,216,245,142,1,243,225,178,41,76,56,151,64,115,250,188,44,0,0,130,0,51,0,57,0,53,0,47,192,44,192,48,0,163,0,159,204,169,204,168,204,170,192,175,192,173,192,163,192,159,192,43,192,47,0,162,0,158,192,174,192,172,192,162,192,158,192,36,192,40,0,107,0,106,192,115,192,119,0,196,0,195,192,35,192,39,0,103,0,64,192,114,192,118,0,190,0,189,192,10>>2019-07-15 17:53:43 =ERROR REPORT====
Decode error, reason: badarg, message: <<192,20,0,56,0,136,0,135,192,9,192,19,0,50,0,154,0,153,0,69,0,68,0,157,192,161,192,157,0,156,192,160,192,156,0,61,0,192,0,60,0,186,0,132,0,150,0,65,0,255,1,0,0,70,0,11,0,4,3,0,1,2,0,10>>2019-07-15 17:53:43 =ERROR REPORT====
Decode error, reason: badarg, message: <<0,10>>2019-07-15 17:53:43 =ERROR REPORT====
Decode error, reason: badarg, message: <<22,3,1,0,245,1,0,0,241,3,3,99,67,223,197,188,189,233,56,230,198,157,101,80,132,197,40,84,226,176,53,165,94,74,112,176,126,156,83,254,232,109,41,0,0,130,0,51,0,57,0,53,0,47,192,44,192,48,0,163,0,159,204,169,204,168,204,170,192,175,192,173,192,163,192,159,192,43,192,47,0,162,0,158,192,174,192,172,192,162,192,158,192,36,192,40,0,107,0,106,192,115,192,119,0,196,0,195,192,35,192,39,0,103,0,64,192,114,192,118,0,190,0,189,192,10>>2019-07-15 17:53:43 =ERROR REPORT====
Decode error, reason: badarg, message: <<192,20,0,56,0,136,0,135,192,9,192,19,0,50,0,154,0,153,0,69,0,68,0,157,192,161,192,157,0,156,192,160,192,156,0,61,0,192,0,60,0,186,0,132,0,150,0,65,0,255,1,0,0,70,0,11,0,4,3,0,1,2,0,10>>2019-07-15 17:53:43 =ERROR REPORT====
Decode error, reason: badarg, message: <<0,10>>2019-07-15 17:53:43 =ERROR REPORT====
Decode error, reason: badarg, message: <<22,3,1,0,245,1,0,0,241,3,3,124,128,86,135,178,188,163,149,39,2,236,111,9,20,218,205,13,14,56,26,72,216,106,85,20,50,131,206,45,58,118,63,0,0,130,0,51,0,57,0,53,0,47,192,44,192,48,0,163,0,159,204,169,204,168,204,170,192,175,192,173,192,163,192,159,192,43,192,47,0,162,0,158,192,174,192,172,192,162,192,158,192,36,192,40,0,107,0,106,192,115,192,119,0,196,0,195,192,35,192,39,0,103,0,64,192,114,192,118,0,190,0,189,192,10>>2019-07-15 17:53:43 =ERROR REPORT====
Decode error, reason: badarg, message: <<192,20,0,56,0,136,0,135,192,9,192,19,0,50,0,154,0,153,0,69,0,68,0,157,192,161,192,157,0,156,192,160,192,156,0,61,0,192,0,60,0,186,0,132,0,150,0,65,0,255,1,0,0,70,0,11,0,4,3,0,1,2,0,10>>2019-07-15 17:53:43 =ERROR REPORT====
Decode error, reason: badarg, message: <<0,10>>2019-07-15 17:53:44 =ERROR REPORT====
Decode error, reason: badarg, message: <<22,3,1,0,245,1,0,0,241,3,3,67,207,12,140,244,13,246,217,92,90,49,70,218,250,7,104,202,249,233,63,92,90,247,91,104,146,158,255,87,217,105,195,0,0,130,0,51,0,57,0,53,0,47,192,44,192,48,0,163,0,159,204,169,204,168,204,170,192,175,192,173,192,163,192,159,192,43,192,47,0,162,0,158,192,174,192,172,192,162,192,158,192,36,192,40,0,107,0,106,192,115,192,119,0,196,0,195,192,35,192,39,0,103,0,64,192,114,192,118,0,190,0,189,192,10>>2019-07-15 17:53:44 =ERROR REPORT====
Decode error, reason: badarg, message: <<192,20,0,56,0,136,0,135,192,9,192,19,0,50,0,154,0,153,0,69,0,68,0,157,192,161,192,157,0,156,192,160,192,156,0,61,0,192,0,60,0,186,0,132,0,150,0,65,0,255,1,0,0,70,0,11,0,4,3,0,1,2,0,10>>2019-07-15 17:53:44 =ERROR REPORT====
Decode error, reason: badarg, message: <<0,10>>